This file contains any messages produced by compilers while
running configure, to aid debugging if configure makes a mistake.

It was created by libwebp configure 1.2.1, which was
generated by GNU Autoconf 2.69.  Invocation command line was

  $ ./configure 

## --------- ##
## Platform. ##
## --------- ##

hostname = dell01
uname -m = x86_64
uname -r = 5.11.0-41-generic
uname -s = Linux
uname -v = #45-Ubuntu SMP Fri Nov 5 11:37:01 UTC 2021

/usr/bin/uname -p = x86_64
/bin/uname -X     = unknown

/bin/arch              = x86_64
/usr/bin/arch -k       = unknown
/usr/convex/getsysinfo = unknown
/usr/bin/hostinfo      = unknown
/bin/machine           = unknown
/usr/bin/oslevel       = unknown
/bin/universe          = unknown

PATH: /usr/local/sbin
PATH: /usr/local/bin
PATH: /usr/sbin
PATH: /usr/bin
PATH: /sbin
PATH: /bin
PATH: /snap/bin


## ----------- ##
## Core tests. ##
## ----------- ##

configure:2381: checking build system type
configure:2395: result: x86_64-pc-linux-gnu
configure:2415: checking host system type
configure:2428: result: x86_64-pc-linux-gnu
configure:2465: checking for a BSD-compatible install
configure:2533: result: /usr/bin/install -c
configure:2544: checking whether build environment is sane
configure:2599: result: yes
configure:2745: checking for a thread-safe mkdir -p
configure:2784: result: /usr/bin/mkdir -p
configure:2791: checking for gawk
configure:2821: result: no
configure:2791: checking for mawk
configure:2807: found /usr/bin/mawk
configure:2818: result: mawk
configure:2829: checking whether make sets $(MAKE)
configure:2851: result: yes
configure:2880: checking whether make supports nested variables
configure:2897: result: yes
configure:3028: checking whether make supports the include directive
configure:3043: make -f confmf.GNU && cat confinc.out
this is the am__doit target
configure:3046: $? = 0
configure:3065: result: yes (GNU style)
configure:3135: checking for gcc
configure:3151: found /usr/bin/gcc
configure:3162: result: gcc
configure:3391: checking for C compiler version
configure:3400: gcc --version >&5
gcc (Ubuntu 10.3.0-1ubuntu1) 10.3.0
Copyright (C) 2020 Free Software Foundation, Inc.
This is free software; see the source for copying conditions.  There is NO
warranty; not even for MERCHANTABILITY or FITNESS FOR A PARTICULAR PURPOSE.

configure:3411: $? = 0
configure:3400: gcc -v >&5
Using built-in specs.
COLLECT_GCC=gcc
COLLECT_LTO_WRAPPER=/usr/lib/gcc/x86_64-linux-gnu/10/lto-wrapper
OFFLOAD_TARGET_NAMES=nvptx-none:amdgcn-amdhsa:hsa
OFFLOAD_TARGET_DEFAULT=1
Target: x86_64-linux-gnu
Configured with: ../src/configure -v --with-pkgversion='Ubuntu 10.3.0-1ubuntu1' --with-bugurl=file:///usr/share/doc/gcc-10/README.Bugs --enable-languages=c,ada,c++,go,brig,d,fortran,objc,obj-c++,m2 --prefix=/usr --with-gcc-major-version-only --program-suffix=-10 --program-prefix=x86_64-linux-gnu- --enable-shared --enable-linker-build-id --libexecdir=/usr/lib --without-included-gettext --enable-threads=posix --libdir=/usr/lib --enable-nls --enable-bootstrap --enable-clocale=gnu --enable-libstdcxx-debug --enable-libstdcxx-time=yes --with-default-libstdcxx-abi=new --enable-gnu-unique-object --disable-vtable-verify --enable-plugin --enable-default-pie --with-system-zlib --enable-libphobos-checking=release --with-target-system-zlib=auto --enable-objc-gc=auto --enable-multiarch --disable-werror --with-arch-32=i686 --with-abi=m64 --with-multilib-list=m32,m64,mx32 --enable-multilib --with-tune=generic --enable-offload-targets=nvptx-none=/build/gcc-10-gDeRY6/gcc-10-10.3.0/debian/tmp-nvptx/usr,amdgcn-amdhsa=/build/gcc-10-gDeRY6/gcc-10-10.3.0/debian/tmp-gcn/usr,hsa --without-cuda-driver --enable-checking=release --build=x86_64-linux-gnu --host=x86_64-linux-gnu --target=x86_64-linux-gnu --with-build-config=bootstrap-lto-lean --enable-link-mutex
Thread model: posix
Supported LTO compression algorithms: zlib zstd
gcc version 10.3.0 (Ubuntu 10.3.0-1ubuntu1) 
... rest of stderr output deleted ...
configure:3411: $? = 0
configure:3400: gcc -V >&5
gcc: error: unrecognized command-line option '-V'
gcc: fatal error: no input files
compilation terminated.
configure:3411: $? = 1
configure:3400: gcc -qversion >&5
gcc: error: unrecognized command-line option '-qversion'; did you mean '--version'?
gcc: fatal error: no input files
compilation terminated.
configure:3411: $? = 1
configure:3431: checking whether the C compiler works
configure:3453: gcc    conftest.c  >&5
configure:3457: $? = 0
configure:3505: result: yes
configure:3508: checking for C compiler default output file name
configure:3510: result: a.out
configure:3516: checking for suffix of executables
configure:3523: gcc -o conftest    conftest.c  >&5
configure:3527: $? = 0
configure:3549: result: 
configure:3571: checking whether we are cross compiling
configure:3579: gcc -o conftest    conftest.c  >&5
configure:3583: $? = 0
configure:3590: ./conftest
configure:3594: $? = 0
configure:3609: result: no
configure:3614: checking for suffix of object files
configure:3636: gcc -c   conftest.c >&5
configure:3640: $? = 0
configure:3661: result: o
configure:3665: checking whether we are using the GNU C compiler
configure:3684: gcc -c   conftest.c >&5
configure:3684: $? = 0
configure:3693: result: yes
configure:3702: checking whether gcc accepts -g
configure:3722: gcc -c -g  conftest.c >&5
configure:3722: $? = 0
configure:3763: result: yes
configure:3780: checking for gcc option to accept ISO C89
configure:3843: gcc  -c -g -O2  conftest.c >&5
configure:3843: $? = 0
configure:3856: result: none needed
configure:3881: checking whether gcc understands -c and -o together
configure:3903: gcc -c conftest.c -o conftest2.o
configure:3906: $? = 0
configure:3903: gcc -c conftest.c -o conftest2.o
configure:3906: $? = 0
configure:3918: result: yes
configure:3937: checking dependency style of gcc
configure:4048: result: gcc3
configure:4113: checking for ar
configure:4129: found /usr/bin/ar
configure:4140: result: ar
configure:4166: checking the archiver (ar) interface
configure:4182: gcc -c -g -O2  conftest.c >&5
configure:4182: $? = 0
configure:4184: ar cru libconftest.a conftest.o >&5
ar: `u' modifier ignored since `D' is the default (see `U')
configure:4187: $? = 0
configure:4215: result: ar
configure:4238: WARNING: Libtool does not cope well with whitespace in `pwd`
configure:4282: checking how to print strings
configure:4309: result: printf
configure:4330: checking for a sed that does not truncate output
configure:4394: result: /usr/bin/sed
configure:4412: checking for grep that handles long lines and -e
configure:4470: result: /usr/bin/grep
configure:4475: checking for egrep
configure:4537: result: /usr/bin/grep -E
configure:4542: checking for fgrep
configure:4604: result: /usr/bin/grep -F
configure:4639: checking for ld used by gcc
configure:4706: result: /usr/bin/ld
configure:4713: checking if the linker (/usr/bin/ld) is GNU ld
configure:4728: result: yes
configure:4740: checking for BSD- or MS-compatible name lister (nm)
configure:4794: result: /usr/bin/nm -B
configure:4924: checking the name lister (/usr/bin/nm -B) interface
configure:4931: gcc -c -g -O2  conftest.c >&5
configure:4934: /usr/bin/nm -B "conftest.o"
configure:4937: output
0000000000000000 B some_variable
configure:4944: result: BSD nm
configure:4947: checking whether ln -s works
configure:4951: result: yes
configure:4959: checking the maximum length of command line arguments
configure:5090: result: 1572864
configure:5138: checking how to convert x86_64-pc-linux-gnu file names to x86_64-pc-linux-gnu format
configure:5178: result: func_convert_file_noop
configure:5185: checking how to convert x86_64-pc-linux-gnu file names to toolchain format
configure:5205: result: func_convert_file_noop
configure:5212: checking for /usr/bin/ld option to reload object files
configure:5219: result: -r
configure:5293: checking for objdump
configure:5309: found /usr/bin/objdump
configure:5320: result: objdump
configure:5352: checking how to recognize dependent libraries
configure:5552: result: pass_all
configure:5637: checking for dlltool
configure:5667: result: no
configure:5697: checking how to associate runtime and link libraries
configure:5724: result: printf %s\n
configure:5848: checking for archiver @FILE support
configure:5865: gcc -c -g -O2  conftest.c >&5
configure:5865: $? = 0
configure:5868: ar cr libconftest.a @conftest.lst >&5
configure:5871: $? = 0
configure:5876: ar cr libconftest.a @conftest.lst >&5
ar: conftest.o: No such file or directory
configure:5879: $? = 1
configure:5891: result: @
configure:5949: checking for strip
configure:5965: found /usr/bin/strip
configure:5976: result: strip
configure:6048: checking for ranlib
configure:6064: found /usr/bin/ranlib
configure:6075: result: ranlib
configure:6177: checking command to parse /usr/bin/nm -B output from gcc object
configure:6330: gcc -c -g -O2  conftest.c >&5
configure:6333: $? = 0
configure:6337: /usr/bin/nm -B conftest.o | sed -n -e 's/^.*[	 ]\([ABCDGIRSTW][ABCDGIRSTW]*\)[	 ][	 ]*\([_A-Za-z][_A-Za-z0-9]*\)$/\1 \2 \2/p' | sed '/ __gnu_lto/d' > conftest.nm
configure:6403: gcc -o conftest -g -O2   conftest.c conftstm.o >&5
configure:6406: $? = 0
configure:6444: result: ok
configure:6491: checking for sysroot
configure:6521: result: no
configure:6528: checking for a working dd
configure:6566: result: /usr/bin/dd
configure:6570: checking how to truncate binary pipes
configure:6585: result: /usr/bin/dd bs=4096 count=1
configure:6721: gcc -c -g -O2  conftest.c >&5
configure:6724: $? = 0
configure:6914: checking for mt
configure:6930: found /usr/bin/mt
configure:6941: result: mt
configure:6964: checking if mt is a manifest tool
configure:6970: mt '-?'
configure:6978: result: no
configure:7655: checking how to run the C preprocessor
configure:7686: gcc -E  conftest.c
configure:7686: $? = 0
configure:7700: gcc -E  conftest.c
conftest.c:11:10: fatal error: ac_nonexistent.h: No such file or directory
   11 | #include <ac_nonexistent.h>
      |          ^~~~~~~~~~~~~~~~~~
compilation terminated.
configure:7700: $? = 1
configure: failed program was:
| /* confdefs.h */
| #define PACKAGE_NAME "libwebp"
| #define PACKAGE_TARNAME "libwebp"
| #define PACKAGE_VERSION "1.2.1"
| #define PACKAGE_STRING "libwebp 1.2.1"
| #define PACKAGE_BUGREPORT "https://bugs.chromium.org/p/webp"
| #define PACKAGE_URL "http://developers.google.com/speed/webp"
| #define PACKAGE "libwebp"
| #define VERSION "1.2.1"
| /* end confdefs.h.  */
| #include <ac_nonexistent.h>
configure:7725: result: gcc -E
configure:7745: gcc -E  conftest.c
configure:7745: $? = 0
configure:7759: gcc -E  conftest.c
conftest.c:11:10: fatal error: ac_nonexistent.h: No such file or directory
   11 | #include <ac_nonexistent.h>
      |          ^~~~~~~~~~~~~~~~~~
compilation terminated.
configure:7759: $? = 1
configure: failed program was:
| /* confdefs.h */
| #define PACKAGE_NAME "libwebp"
| #define PACKAGE_TARNAME "libwebp"
| #define PACKAGE_VERSION "1.2.1"
| #define PACKAGE_STRING "libwebp 1.2.1"
| #define PACKAGE_BUGREPORT "https://bugs.chromium.org/p/webp"
| #define PACKAGE_URL "http://developers.google.com/speed/webp"
| #define PACKAGE "libwebp"
| #define VERSION "1.2.1"
| /* end confdefs.h.  */
| #include <ac_nonexistent.h>
configure:7788: checking for ANSI C header files
configure:7808: gcc -c -g -O2  conftest.c >&5
configure:7808: $? = 0
configure:7881: gcc -o conftest -g -O2   conftest.c  >&5
configure:7881: $? = 0
configure:7881: ./conftest
configure:7881: $? = 0
configure:7892: result: yes
configure:7905: checking for sys/types.h
configure:7905: gcc -c -g -O2  conftest.c >&5
configure:7905: $? = 0
configure:7905: result: yes
configure:7905: checking for sys/stat.h
configure:7905: gcc -c -g -O2  conftest.c >&5
configure:7905: $? = 0
configure:7905: result: yes
configure:7905: checking for stdlib.h
configure:7905: gcc -c -g -O2  conftest.c >&5
configure:7905: $? = 0
configure:7905: result: yes
configure:7905: checking for string.h
configure:7905: gcc -c -g -O2  conftest.c >&5
configure:7905: $? = 0
configure:7905: result: yes
configure:7905: checking for memory.h
configure:7905: gcc -c -g -O2  conftest.c >&5
configure:7905: $? = 0
configure:7905: result: yes
configure:7905: checking for strings.h
configure:7905: gcc -c -g -O2  conftest.c >&5
configure:7905: $? = 0
configure:7905: result: yes
configure:7905: checking for inttypes.h
configure:7905: gcc -c -g -O2  conftest.c >&5
configure:7905: $? = 0
configure:7905: result: yes
configure:7905: checking for stdint.h
configure:7905: gcc -c -g -O2  conftest.c >&5
configure:7905: $? = 0
configure:7905: result: yes
configure:7905: checking for unistd.h
configure:7905: gcc -c -g -O2  conftest.c >&5
configure:7905: $? = 0
configure:7905: result: yes
configure:7919: checking for dlfcn.h
configure:7919: gcc -c -g -O2  conftest.c >&5
configure:7919: $? = 0
configure:7919: result: yes
configure:8175: checking for objdir
configure:8190: result: .libs
configure:8454: checking if gcc supports -fno-rtti -fno-exceptions
configure:8472: gcc -c -g -O2  -fno-rtti -fno-exceptions conftest.c >&5
cc1: warning: command-line option '-fno-rtti' is valid for C++/D/ObjC++ but not for C
configure:8476: $? = 0
configure:8489: result: no
configure:8853: checking for gcc option to produce PIC
configure:8860: result: -fPIC -DPIC
configure:8868: checking if gcc PIC flag -fPIC -DPIC works
configure:8886: gcc -c -g -O2  -fPIC -DPIC -DPIC conftest.c >&5
configure:8890: $? = 0
configure:8903: result: yes
configure:8932: checking if gcc static flag -static works
configure:8960: result: yes
configure:8975: checking if gcc supports -c -o file.o
configure:8996: gcc -c -g -O2  -o out/conftest2.o conftest.c >&5
configure:9000: $? = 0
configure:9022: result: yes
configure:9030: checking if gcc supports -c -o file.o
configure:9077: result: yes
configure:9110: checking whether the gcc linker (/usr/bin/ld -m elf_x86_64) supports shared libraries
configure:10373: result: yes
configure:10410: checking whether -lc should be explicitly linked in
configure:10418: gcc -c -g -O2  conftest.c >&5
configure:10421: $? = 0
configure:10436: gcc -shared  -fPIC -DPIC conftest.o  -v -Wl,-soname -Wl,conftest -o conftest 2\>\&1 \| /usr/bin/grep  -lc  \>/dev/null 2\>\&1
configure:10439: $? = 0
configure:10453: result: no
configure:10613: checking dynamic linker characteristics
configure:11194: gcc -o conftest -g -O2   -Wl,-rpath -Wl,/foo conftest.c  >&5
configure:11194: $? = 0
configure:11443: result: GNU/Linux ld.so
configure:11565: checking how to hardcode library paths into programs
configure:11590: result: immediate
configure:12138: checking whether stripping libraries is possible
configure:12143: result: yes
configure:12178: checking if libtool supports shared libraries
configure:12180: result: yes
configure:12183: checking whether to build shared libraries
configure:12208: result: yes
configure:12211: checking whether to build static libraries
configure:12215: result: yes
configure:12252: checking for a sed that does not truncate output
configure:12316: result: /usr/bin/sed
configure:12334: checking whether make supports nested variables
configure:12351: result: yes
configure:12363: checking whether byte ordering is bigendian
configure:12378: gcc -c -g -O2  conftest.c >&5
conftest.c:24:9: error: unknown type name 'not'
   24 |         not a universal capable compiler
      |         ^~~
conftest.c:24:15: error: expected '=', ',', ';', 'asm' or '__attribute__' before 'universal'
   24 |         not a universal capable compiler
      |               ^~~~~~~~~
conftest.c:24:15: error: unknown type name 'universal'
configure:12378: $? = 1
configure: failed program was:
| /* confdefs.h */
| #define PACKAGE_NAME "libwebp"
| #define PACKAGE_TARNAME "libwebp"
| #define PACKAGE_VERSION "1.2.1"
| #define PACKAGE_STRING "libwebp 1.2.1"
| #define PACKAGE_BUGREPORT "https://bugs.chromium.org/p/webp"
| #define PACKAGE_URL "http://developers.google.com/speed/webp"
| #define PACKAGE "libwebp"
| #define VERSION "1.2.1"
| #define STDC_HEADERS 1
| #define HAVE_SYS_TYPES_H 1
| #define HAVE_SYS_STAT_H 1
| #define HAVE_STDLIB_H 1
| #define HAVE_STRING_H 1
| #define HAVE_MEMORY_H 1
| #define HAVE_STRINGS_H 1
| #define HAVE_INTTYPES_H 1
| #define HAVE_STDINT_H 1
| #define HAVE_UNISTD_H 1
| #define HAVE_DLFCN_H 1
| #define LT_OBJDIR ".libs/"
| /* end confdefs.h.  */
| #ifndef __APPLE_CC__
| 	       not a universal capable compiler
| 	     #endif
| 	     typedef int dummy;
| 
configure:12423: gcc -c -g -O2  conftest.c >&5
configure:12423: $? = 0
configure:12441: gcc -c -g -O2  conftest.c >&5
conftest.c: In function 'main':
conftest.c:30:4: error: unknown type name 'not'; did you mean 'ino_t'?
   30 |    not big endian
      |    ^~~
      |    ino_t
conftest.c:30:12: error: expected '=', ',', ';', 'asm' or '__attribute__' before 'endian'
   30 |    not big endian
      |            ^~~~~~
configure:12441: $? = 1
configure: failed program was:
| /* confdefs.h */
| #define PACKAGE_NAME "libwebp"
| #define PACKAGE_TARNAME "libwebp"
| #define PACKAGE_VERSION "1.2.1"
| #define PACKAGE_STRING "libwebp 1.2.1"
| #define PACKAGE_BUGREPORT "https://bugs.chromium.org/p/webp"
| #define PACKAGE_URL "http://developers.google.com/speed/webp"
| #define PACKAGE "libwebp"
| #define VERSION "1.2.1"
| #define STDC_HEADERS 1
| #define HAVE_SYS_TYPES_H 1
| #define HAVE_SYS_STAT_H 1
| #define HAVE_STDLIB_H 1
| #define HAVE_STRING_H 1
| #define HAVE_MEMORY_H 1
| #define HAVE_STRINGS_H 1
| #define HAVE_INTTYPES_H 1
| #define HAVE_STDINT_H 1
| #define HAVE_UNISTD_H 1
| #define HAVE_DLFCN_H 1
| #define LT_OBJDIR ".libs/"
| /* end confdefs.h.  */
| #include <sys/types.h>
| 		#include <sys/param.h>
| 
| int
| main ()
| {
| #if BYTE_ORDER != BIG_ENDIAN
| 		 not big endian
| 		#endif
| 
|   ;
|   return 0;
| }
configure:12569: result: no
configure:12599: checking whether libwebpmux is to be built
configure:12608: result: yes
configure:12619: checking whether libwebpdemux is to be built
configure:12628: result: yes
configure:12639: checking whether decoder library is to be built
configure:12646: result: no
configure:12657: checking whether libwebpextras is to be built
configure:12664: result: no
configure:12676: checking whether asserts are enabled
configure:12686: result: no
configure:12703: checking whether gcc supports -fvisibility=hidden
configure:12709: gcc -c -Werror -fvisibility=hidden  conftest.c >&5
configure:12709: $? = 0
configure:12710: result: yes
configure:12721: checking whether gcc supports -Wall
configure:12727: gcc -c -Werror -Wall  conftest.c >&5
configure:12727: $? = 0
configure:12728: result: yes
configure:12739: checking whether gcc supports -Wconstant-conversion
configure:12745: gcc -c -Werror -Wconstant-conversion  conftest.c >&5
gcc: error: unrecognized command-line option '-Wconstant-conversion'; did you mean '-Wno-int-conversion'?
configure:12745: $? = 1
configure: failed program was:
| /* confdefs.h */
| #define PACKAGE_NAME "libwebp"
| #define PACKAGE_TARNAME "libwebp"
| #define PACKAGE_VERSION "1.2.1"
| #define PACKAGE_STRING "libwebp 1.2.1"
| #define PACKAGE_BUGREPORT "https://bugs.chromium.org/p/webp"
| #define PACKAGE_URL "http://developers.google.com/speed/webp"
| #define PACKAGE "libwebp"
| #define VERSION "1.2.1"
| #define STDC_HEADERS 1
| #define HAVE_SYS_TYPES_H 1
| #define HAVE_SYS_STAT_H 1
| #define HAVE_STDLIB_H 1
| #define HAVE_STRING_H 1
| #define HAVE_MEMORY_H 1
| #define HAVE_STRINGS_H 1
| #define HAVE_INTTYPES_H 1
| #define HAVE_STDINT_H 1
| #define HAVE_UNISTD_H 1
| #define HAVE_DLFCN_H 1
| #define LT_OBJDIR ".libs/"
| /* end confdefs.h.  */
| int main(void) { return 0; }
configure:12750: result: no
configure:12757: checking whether gcc supports -Wdeclaration-after-statement
configure:12763: gcc -c -Werror -Wdeclaration-after-statement  conftest.c >&5
configure:12763: $? = 0
configure:12764: result: yes
configure:12775: checking whether gcc supports -Wextra
configure:12781: gcc -c -Werror -Wextra  conftest.c >&5
configure:12781: $? = 0
configure:12782: result: yes
configure:12793: checking whether gcc supports -Wfloat-conversion
configure:12799: gcc -c -Werror -Wfloat-conversion  conftest.c >&5
configure:12799: $? = 0
configure:12800: result: yes
configure:12811: checking whether gcc supports -Wformat -Wformat-nonliteral
configure:12817: gcc -c -Werror -Wformat -Wformat-nonliteral  conftest.c >&5
configure:12817: $? = 0
configure:12818: result: yes
configure:12829: checking whether gcc supports -Wformat -Wformat-security
configure:12835: gcc -c -Werror -Wformat -Wformat-security  conftest.c >&5
configure:12835: $? = 0
configure:12836: result: yes
configure:12847: checking whether gcc supports -Wmissing-declarations
configure:12853: gcc -c -Werror -Wmissing-declarations  conftest.c >&5
configure:12853: $? = 0
configure:12854: result: yes
configure:12865: checking whether gcc supports -Wmissing-prototypes
configure:12871: gcc -c -Werror -Wmissing-prototypes  conftest.c >&5
configure:12871: $? = 0
configure:12872: result: yes
configure:12883: checking whether gcc supports -Wold-style-definition
configure:12889: gcc -c -Werror -Wold-style-definition  conftest.c >&5
configure:12889: $? = 0
configure:12890: result: yes
configure:12901: checking whether gcc supports -Wparentheses-equality
configure:12907: gcc -c -Werror -Wparentheses-equality  conftest.c >&5
gcc: error: unrecognized command-line option '-Wparentheses-equality'
configure:12907: $? = 1
configure: failed program was:
| /* confdefs.h */
| #define PACKAGE_NAME "libwebp"
| #define PACKAGE_TARNAME "libwebp"
| #define PACKAGE_VERSION "1.2.1"
| #define PACKAGE_STRING "libwebp 1.2.1"
| #define PACKAGE_BUGREPORT "https://bugs.chromium.org/p/webp"
| #define PACKAGE_URL "http://developers.google.com/speed/webp"
| #define PACKAGE "libwebp"
| #define VERSION "1.2.1"
| #define STDC_HEADERS 1
| #define HAVE_SYS_TYPES_H 1
| #define HAVE_SYS_STAT_H 1
| #define HAVE_STDLIB_H 1
| #define HAVE_STRING_H 1
| #define HAVE_MEMORY_H 1
| #define HAVE_STRINGS_H 1
| #define HAVE_INTTYPES_H 1
| #define HAVE_STDINT_H 1
| #define HAVE_UNISTD_H 1
| #define HAVE_DLFCN_H 1
| #define LT_OBJDIR ".libs/"
| /* end confdefs.h.  */
| int main(void) { return 0; }
configure:12912: result: no
configure:12919: checking whether gcc supports -Wshadow
configure:12925: gcc -c -Werror -Wshadow  conftest.c >&5
configure:12925: $? = 0
configure:12926: result: yes
configure:12937: checking whether gcc supports -Wshorten-64-to-32
configure:12943: gcc -c -Werror -Wshorten-64-to-32  conftest.c >&5
gcc: error: unrecognized command-line option '-Wshorten-64-to-32'
configure:12943: $? = 1
configure: failed program was:
| /* confdefs.h */
| #define PACKAGE_NAME "libwebp"
| #define PACKAGE_TARNAME "libwebp"
| #define PACKAGE_VERSION "1.2.1"
| #define PACKAGE_STRING "libwebp 1.2.1"
| #define PACKAGE_BUGREPORT "https://bugs.chromium.org/p/webp"
| #define PACKAGE_URL "http://developers.google.com/speed/webp"
| #define PACKAGE "libwebp"
| #define VERSION "1.2.1"
| #define STDC_HEADERS 1
| #define HAVE_SYS_TYPES_H 1
| #define HAVE_SYS_STAT_H 1
| #define HAVE_STDLIB_H 1
| #define HAVE_STRING_H 1
| #define HAVE_MEMORY_H 1
| #define HAVE_STRINGS_H 1
| #define HAVE_INTTYPES_H 1
| #define HAVE_STDINT_H 1
| #define HAVE_UNISTD_H 1
| #define HAVE_DLFCN_H 1
| #define LT_OBJDIR ".libs/"
| /* end confdefs.h.  */
| int main(void) { return 0; }
configure:12948: result: no
configure:12955: checking whether gcc supports -Wundef
configure:12961: gcc -c -Werror -Wundef  conftest.c >&5
configure:12961: $? = 0
configure:12962: result: yes
configure:12973: checking whether gcc supports -Wunreachable-code-aggressive
configure:12979: gcc -c -Werror -Wunreachable-code-aggressive  conftest.c >&5
gcc: error: unrecognized command-line option '-Wunreachable-code-aggressive'
configure:12979: $? = 1
configure: failed program was:
| /* confdefs.h */
| #define PACKAGE_NAME "libwebp"
| #define PACKAGE_TARNAME "libwebp"
| #define PACKAGE_VERSION "1.2.1"
| #define PACKAGE_STRING "libwebp 1.2.1"
| #define PACKAGE_BUGREPORT "https://bugs.chromium.org/p/webp"
| #define PACKAGE_URL "http://developers.google.com/speed/webp"
| #define PACKAGE "libwebp"
| #define VERSION "1.2.1"
| #define STDC_HEADERS 1
| #define HAVE_SYS_TYPES_H 1
| #define HAVE_SYS_STAT_H 1
| #define HAVE_STDLIB_H 1
| #define HAVE_STRING_H 1
| #define HAVE_MEMORY_H 1
| #define HAVE_STRINGS_H 1
| #define HAVE_INTTYPES_H 1
| #define HAVE_STDINT_H 1
| #define HAVE_UNISTD_H 1
| #define HAVE_DLFCN_H 1
| #define LT_OBJDIR ".libs/"
| /* end confdefs.h.  */
| int main(void) { return 0; }
configure:12984: result: no
configure:12991: checking whether gcc supports -Wunreachable-code
configure:12997: gcc -c -Werror -Wunreachable-code  conftest.c >&5
configure:12997: $? = 0
configure:12998: result: yes
configure:13009: checking whether gcc supports -Wunused-but-set-variable
configure:13015: gcc -c -Werror -Wunused-but-set-variable  conftest.c >&5
configure:13015: $? = 0
configure:13016: result: yes
configure:13027: checking whether gcc supports -Wunused
configure:13033: gcc -c -Werror -Wunused  conftest.c >&5
configure:13033: $? = 0
configure:13034: result: yes
configure:13045: checking whether gcc supports -Wvla
configure:13051: gcc -c -Werror -Wvla  conftest.c >&5
configure:13051: $? = 0
configure:13052: result: yes
configure:13114: gcc -c -g -O2  conftest.c >&5
configure:13114: $? = 0
configure:13153: checking whether gcc supports -msse4.1
configure:13159: gcc -c -Werror -msse4.1  conftest.c >&5
configure:13159: $? = 0
configure:13160: result: yes
configure:13173: checking smmintrin.h usability
configure:13173: gcc -c -g -O2   -msse4.1  conftest.c >&5
configure:13173: $? = 0
configure:13173: result: yes
configure:13173: checking smmintrin.h presence
configure:13173: gcc -E  conftest.c
configure:13173: $? = 0
configure:13173: result: yes
configure:13173: checking for smmintrin.h
configure:13173: result: yes
configure:13199: checking whether gcc supports -msse2
configure:13205: gcc -c -Werror -msse2  conftest.c >&5
configure:13205: $? = 0
configure:13206: result: yes
configure:13219: checking emmintrin.h usability
configure:13219: gcc -c -g -O2   -msse2  conftest.c >&5
configure:13219: $? = 0
configure:13219: result: yes
configure:13219: checking emmintrin.h presence
configure:13219: gcc -E  conftest.c
configure:13219: $? = 0
configure:13219: result: yes
configure:13219: checking for emmintrin.h
configure:13219: result: yes
configure:13377: checking for __builtin_bswap16
configure:13390: gcc -o conftest -g -O2   conftest.c  >&5
configure:13390: $? = 0
configure:13391: result: yes
configure:13414: checking for __builtin_bswap32
configure:13427: gcc -o conftest -g -O2   conftest.c  >&5
configure:13427: $? = 0
configure:13428: result: yes
configure:13451: checking for __builtin_bswap64
configure:13464: gcc -o conftest -g -O2   conftest.c  >&5
configure:13464: $? = 0
configure:13465: result: yes
configure:13491: checking for threading support...
configure:13605: checking if compiler needs -Werror to reject unknown flags
configure:13621: gcc -c -g -O2 -Werror -Wunknown-warning-option -Wsizeof-array-argument  conftest.c >&5
gcc: error: unrecognized command-line option '-Wunknown-warning-option'
configure:13621: $? = 1
configure: failed program was:
| /* confdefs.h */
| #define PACKAGE_NAME "libwebp"
| #define PACKAGE_TARNAME "libwebp"
| #define PACKAGE_VERSION "1.2.1"
| #define PACKAGE_STRING "libwebp 1.2.1"
| #define PACKAGE_BUGREPORT "https://bugs.chromium.org/p/webp"
| #define PACKAGE_URL "http://developers.google.com/speed/webp"
| #define PACKAGE "libwebp"
| #define VERSION "1.2.1"
| #define STDC_HEADERS 1
| #define HAVE_SYS_TYPES_H 1
| #define HAVE_SYS_STAT_H 1
| #define HAVE_STDLIB_H 1
| #define HAVE_STRING_H 1
| #define HAVE_MEMORY_H 1
| #define HAVE_STRINGS_H 1
| #define HAVE_INTTYPES_H 1
| #define HAVE_STDINT_H 1
| #define HAVE_UNISTD_H 1
| #define HAVE_DLFCN_H 1
| #define LT_OBJDIR ".libs/"
| #define WEBP_HAVE_SSE41 1
| #define WEBP_HAVE_SSE2 1
| #define HAVE_BUILTIN_BSWAP16 1
| #define HAVE_BUILTIN_BSWAP32 1
| #define HAVE_BUILTIN_BSWAP64 1
| /* end confdefs.h.  */
| int foo(void);
| int
| main ()
| {
| foo()
|   ;
|   return 0;
| }
configure:13626: result: no
configure:13692: checking for the pthreads library -lpthreads
configure:13730: gcc -o conftest -g -O2     conftest.c -lpthreads  >&5
/usr/bin/ld: cannot find -lpthreads
collect2: error: ld returned 1 exit status
configure:13730: $? = 1
configure: failed program was:
| /* confdefs.h */
| #define PACKAGE_NAME "libwebp"
| #define PACKAGE_TARNAME "libwebp"
| #define PACKAGE_VERSION "1.2.1"
| #define PACKAGE_STRING "libwebp 1.2.1"
| #define PACKAGE_BUGREPORT "https://bugs.chromium.org/p/webp"
| #define PACKAGE_URL "http://developers.google.com/speed/webp"
| #define PACKAGE "libwebp"
| #define VERSION "1.2.1"
| #define STDC_HEADERS 1
| #define HAVE_SYS_TYPES_H 1
| #define HAVE_SYS_STAT_H 1
| #define HAVE_STDLIB_H 1
| #define HAVE_STRING_H 1
| #define HAVE_MEMORY_H 1
| #define HAVE_STRINGS_H 1
| #define HAVE_INTTYPES_H 1
| #define HAVE_STDINT_H 1
| #define HAVE_UNISTD_H 1
| #define HAVE_DLFCN_H 1
| #define LT_OBJDIR ".libs/"
| #define WEBP_HAVE_SSE41 1
| #define WEBP_HAVE_SSE2 1
| #define HAVE_BUILTIN_BSWAP16 1
| #define HAVE_BUILTIN_BSWAP32 1
| #define HAVE_BUILTIN_BSWAP64 1
| /* end confdefs.h.  */
| #include <pthread.h>
|                         static void routine(void *a) { a = 0; }
|                         static void *start_routine(void *a) { return a; }
| int
| main ()
| {
| pthread_t th; pthread_attr_t attr;
|                         pthread_create(&th, 0, start_routine, 0);
|                         pthread_join(th, 0);
|                         pthread_attr_init(&attr);
|                         pthread_cleanup_push(routine, 0);
|                         pthread_cleanup_pop(0) /* ; */
|   ;
|   return 0;
| }
configure:13739: result: no
configure:13637: checking whether pthreads work without any flags
configure:13730: gcc -o conftest -g -O2     conftest.c   >&5
/usr/bin/ld: /tmp/ccNsrYMw.o: in function `main':
/home/t4m1/Área de Trabalho/libwebp-1.2.1/conftest.c:35: undefined reference to `pthread_create'
/usr/bin/ld: /home/t4m1/Área de Trabalho/libwebp-1.2.1/conftest.c:36: undefined reference to `pthread_join'
/usr/bin/ld: /home/t4m1/Área de Trabalho/libwebp-1.2.1/conftest.c:38: undefined reference to `__pthread_register_cancel'
/usr/bin/ld: /home/t4m1/Área de Trabalho/libwebp-1.2.1/conftest.c:39: undefined reference to `__pthread_unregister_cancel'
collect2: error: ld returned 1 exit status
configure:13730: $? = 1
configure: failed program was:
| /* confdefs.h */
| #define PACKAGE_NAME "libwebp"
| #define PACKAGE_TARNAME "libwebp"
| #define PACKAGE_VERSION "1.2.1"
| #define PACKAGE_STRING "libwebp 1.2.1"
| #define PACKAGE_BUGREPORT "https://bugs.chromium.org/p/webp"
| #define PACKAGE_URL "http://developers.google.com/speed/webp"
| #define PACKAGE "libwebp"
| #define VERSION "1.2.1"
| #define STDC_HEADERS 1
| #define HAVE_SYS_TYPES_H 1
| #define HAVE_SYS_STAT_H 1
| #define HAVE_STDLIB_H 1
| #define HAVE_STRING_H 1
| #define HAVE_MEMORY_H 1
| #define HAVE_STRINGS_H 1
| #define HAVE_INTTYPES_H 1
| #define HAVE_STDINT_H 1
| #define HAVE_UNISTD_H 1
| #define HAVE_DLFCN_H 1
| #define LT_OBJDIR ".libs/"
| #define WEBP_HAVE_SSE41 1
| #define WEBP_HAVE_SSE2 1
| #define HAVE_BUILTIN_BSWAP16 1
| #define HAVE_BUILTIN_BSWAP32 1
| #define HAVE_BUILTIN_BSWAP64 1
| /* end confdefs.h.  */
| #include <pthread.h>
|                         static void routine(void *a) { a = 0; }
|                         static void *start_routine(void *a) { return a; }
| int
| main ()
| {
| pthread_t th; pthread_attr_t attr;
|                         pthread_create(&th, 0, start_routine, 0);
|                         pthread_join(th, 0);
|                         pthread_attr_init(&attr);
|                         pthread_cleanup_push(routine, 0);
|                         pthread_cleanup_pop(0) /* ; */
|   ;
|   return 0;
| }
configure:13739: result: no
configure:13642: checking whether pthreads work with -Kthread
configure:13730: gcc -o conftest -g -O2 -Kthread    conftest.c   >&5
gcc: error: unrecognized command-line option '-Kthread'; did you mean '-pthread'?
configure:13730: $? = 1
configure: failed program was:
| /* confdefs.h */
| #define PACKAGE_NAME "libwebp"
| #define PACKAGE_TARNAME "libwebp"
| #define PACKAGE_VERSION "1.2.1"
| #define PACKAGE_STRING "libwebp 1.2.1"
| #define PACKAGE_BUGREPORT "https://bugs.chromium.org/p/webp"
| #define PACKAGE_URL "http://developers.google.com/speed/webp"
| #define PACKAGE "libwebp"
| #define VERSION "1.2.1"
| #define STDC_HEADERS 1
| #define HAVE_SYS_TYPES_H 1
| #define HAVE_SYS_STAT_H 1
| #define HAVE_STDLIB_H 1
| #define HAVE_STRING_H 1
| #define HAVE_MEMORY_H 1
| #define HAVE_STRINGS_H 1
| #define HAVE_INTTYPES_H 1
| #define HAVE_STDINT_H 1
| #define HAVE_UNISTD_H 1
| #define HAVE_DLFCN_H 1
| #define LT_OBJDIR ".libs/"
| #define WEBP_HAVE_SSE41 1
| #define WEBP_HAVE_SSE2 1
| #define HAVE_BUILTIN_BSWAP16 1
| #define HAVE_BUILTIN_BSWAP32 1
| #define HAVE_BUILTIN_BSWAP64 1
| /* end confdefs.h.  */
| #include <pthread.h>
|                         static void routine(void *a) { a = 0; }
|                         static void *start_routine(void *a) { return a; }
| int
| main ()
| {
| pthread_t th; pthread_attr_t attr;
|                         pthread_create(&th, 0, start_routine, 0);
|                         pthread_join(th, 0);
|                         pthread_attr_init(&attr);
|                         pthread_cleanup_push(routine, 0);
|                         pthread_cleanup_pop(0) /* ; */
|   ;
|   return 0;
| }
configure:13739: result: no
configure:13642: checking whether pthreads work with -kthread
configure:13730: gcc -o conftest -g -O2 -kthread    conftest.c   >&5
gcc: error: unrecognized command-line option '-kthread'; did you mean '-pthread'?
configure:13730: $? = 1
configure: failed program was:
| /* confdefs.h */
| #define PACKAGE_NAME "libwebp"
| #define PACKAGE_TARNAME "libwebp"
| #define PACKAGE_VERSION "1.2.1"
| #define PACKAGE_STRING "libwebp 1.2.1"
| #define PACKAGE_BUGREPORT "https://bugs.chromium.org/p/webp"
| #define PACKAGE_URL "http://developers.google.com/speed/webp"
| #define PACKAGE "libwebp"
| #define VERSION "1.2.1"
| #define STDC_HEADERS 1
| #define HAVE_SYS_TYPES_H 1
| #define HAVE_SYS_STAT_H 1
| #define HAVE_STDLIB_H 1
| #define HAVE_STRING_H 1
| #define HAVE_MEMORY_H 1
| #define HAVE_STRINGS_H 1
| #define HAVE_INTTYPES_H 1
| #define HAVE_STDINT_H 1
| #define HAVE_UNISTD_H 1
| #define HAVE_DLFCN_H 1
| #define LT_OBJDIR ".libs/"
| #define WEBP_HAVE_SSE41 1
| #define WEBP_HAVE_SSE2 1
| #define HAVE_BUILTIN_BSWAP16 1
| #define HAVE_BUILTIN_BSWAP32 1
| #define HAVE_BUILTIN_BSWAP64 1
| /* end confdefs.h.  */
| #include <pthread.h>
|                         static void routine(void *a) { a = 0; }
|                         static void *start_routine(void *a) { return a; }
| int
| main ()
| {
| pthread_t th; pthread_attr_t attr;
|                         pthread_create(&th, 0, start_routine, 0);
|                         pthread_join(th, 0);
|                         pthread_attr_init(&attr);
|                         pthread_cleanup_push(routine, 0);
|                         pthread_cleanup_pop(0) /* ; */
|   ;
|   return 0;
| }
configure:13739: result: no
configure:13692: checking for the pthreads library -llthread
configure:13730: gcc -o conftest -g -O2     conftest.c -llthread  >&5
/usr/bin/ld: cannot find -llthread
collect2: error: ld returned 1 exit status
configure:13730: $? = 1
configure: failed program was:
| /* confdefs.h */
| #define PACKAGE_NAME "libwebp"
| #define PACKAGE_TARNAME "libwebp"
| #define PACKAGE_VERSION "1.2.1"
| #define PACKAGE_STRING "libwebp 1.2.1"
| #define PACKAGE_BUGREPORT "https://bugs.chromium.org/p/webp"
| #define PACKAGE_URL "http://developers.google.com/speed/webp"
| #define PACKAGE "libwebp"
| #define VERSION "1.2.1"
| #define STDC_HEADERS 1
| #define HAVE_SYS_TYPES_H 1
| #define HAVE_SYS_STAT_H 1
| #define HAVE_STDLIB_H 1
| #define HAVE_STRING_H 1
| #define HAVE_MEMORY_H 1
| #define HAVE_STRINGS_H 1
| #define HAVE_INTTYPES_H 1
| #define HAVE_STDINT_H 1
| #define HAVE_UNISTD_H 1
| #define HAVE_DLFCN_H 1
| #define LT_OBJDIR ".libs/"
| #define WEBP_HAVE_SSE41 1
| #define WEBP_HAVE_SSE2 1
| #define HAVE_BUILTIN_BSWAP16 1
| #define HAVE_BUILTIN_BSWAP32 1
| #define HAVE_BUILTIN_BSWAP64 1
| /* end confdefs.h.  */
| #include <pthread.h>
|                         static void routine(void *a) { a = 0; }
|                         static void *start_routine(void *a) { return a; }
| int
| main ()
| {
| pthread_t th; pthread_attr_t attr;
|                         pthread_create(&th, 0, start_routine, 0);
|                         pthread_join(th, 0);
|                         pthread_attr_init(&attr);
|                         pthread_cleanup_push(routine, 0);
|                         pthread_cleanup_pop(0) /* ; */
|   ;
|   return 0;
| }
configure:13739: result: no
configure:13642: checking whether pthreads work with -pthread
configure:13730: gcc -o conftest -g -O2 -pthread    conftest.c   >&5
configure:13730: $? = 0
configure:13739: result: yes
configure:13758: checking for joinable pthread attribute
configure:13773: gcc -o conftest -g -O2 -pthread   conftest.c   >&5
configure:13773: $? = 0
configure:13779: result: PTHREAD_CREATE_JOINABLE
configure:13789: checking if more special flags are required for pthreads
configure:13804: result: no
configure:13810: checking for PTHREAD_PRIO_INHERIT
configure:13827: gcc -o conftest -g -O2 -pthread   conftest.c   >&5
configure:13827: $? = 0
configure:13836: result: yes
configure:13948: checking if threading is enabled... yes
configure:14024: checking GL/glut.h usability
configure:14024: gcc -c -g -O2 -pthread   conftest.c >&5
conftest.c:63:10: fatal error: GL/glut.h: No such file or directory
   63 | #include <GL/glut.h>
      |          ^~~~~~~~~~~
compilation terminated.
configure:14024: $? = 1
configure: failed program was:
| /* confdefs.h */
| #define PACKAGE_NAME "libwebp"
| #define PACKAGE_TARNAME "libwebp"
| #define PACKAGE_VERSION "1.2.1"
| #define PACKAGE_STRING "libwebp 1.2.1"
| #define PACKAGE_BUGREPORT "https://bugs.chromium.org/p/webp"
| #define PACKAGE_URL "http://developers.google.com/speed/webp"
| #define PACKAGE "libwebp"
| #define VERSION "1.2.1"
| #define STDC_HEADERS 1
| #define HAVE_SYS_TYPES_H 1
| #define HAVE_SYS_STAT_H 1
| #define HAVE_STDLIB_H 1
| #define HAVE_STRING_H 1
| #define HAVE_MEMORY_H 1
| #define HAVE_STRINGS_H 1
| #define HAVE_INTTYPES_H 1
| #define HAVE_STDINT_H 1
| #define HAVE_UNISTD_H 1
| #define HAVE_DLFCN_H 1
| #define LT_OBJDIR ".libs/"
| #define WEBP_HAVE_SSE41 1
| #define WEBP_HAVE_SSE2 1
| #define HAVE_BUILTIN_BSWAP16 1
| #define HAVE_BUILTIN_BSWAP32 1
| #define HAVE_BUILTIN_BSWAP64 1
| #define HAVE_PTHREAD_PRIO_INHERIT 1
| #define WEBP_USE_THREAD 1
| /* end confdefs.h.  */
| #include <stdio.h>
| #ifdef HAVE_SYS_TYPES_H
| # include <sys/types.h>
| #endif
| #ifdef HAVE_SYS_STAT_H
| # include <sys/stat.h>
| #endif
| #ifdef STDC_HEADERS
| # include <stdlib.h>
| # include <stddef.h>
| #else
| # ifdef HAVE_STDLIB_H
| #  include <stdlib.h>
| # endif
| #endif
| #ifdef HAVE_STRING_H
| # if !defined STDC_HEADERS && defined HAVE_MEMORY_H
| #  include <memory.h>
| # endif
| # include <string.h>
| #endif
| #ifdef HAVE_STRINGS_H
| # include <strings.h>
| #endif
| #ifdef HAVE_INTTYPES_H
| # include <inttypes.h>
| #endif
| #ifdef HAVE_STDINT_H
| # include <stdint.h>
| #endif
| #ifdef HAVE_UNISTD_H
| # include <unistd.h>
| #endif
| #include <GL/glut.h>
configure:14024: result: no
configure:14024: checking GL/glut.h presence
configure:14024: gcc -E   conftest.c
conftest.c:30:10: fatal error: GL/glut.h: No such file or directory
   30 | #include <GL/glut.h>
      |          ^~~~~~~~~~~
compilation terminated.
configure:14024: $? = 1
configure: failed program was:
| /* confdefs.h */
| #define PACKAGE_NAME "libwebp"
| #define PACKAGE_TARNAME "libwebp"
| #define PACKAGE_VERSION "1.2.1"
| #define PACKAGE_STRING "libwebp 1.2.1"
| #define PACKAGE_BUGREPORT "https://bugs.chromium.org/p/webp"
| #define PACKAGE_URL "http://developers.google.com/speed/webp"
| #define PACKAGE "libwebp"
| #define VERSION "1.2.1"
| #define STDC_HEADERS 1
| #define HAVE_SYS_TYPES_H 1
| #define HAVE_SYS_STAT_H 1
| #define HAVE_STDLIB_H 1
| #define HAVE_STRING_H 1
| #define HAVE_MEMORY_H 1
| #define HAVE_STRINGS_H 1
| #define HAVE_INTTYPES_H 1
| #define HAVE_STDINT_H 1
| #define HAVE_UNISTD_H 1
| #define HAVE_DLFCN_H 1
| #define LT_OBJDIR ".libs/"
| #define WEBP_HAVE_SSE41 1
| #define WEBP_HAVE_SSE2 1
| #define HAVE_BUILTIN_BSWAP16 1
| #define HAVE_BUILTIN_BSWAP32 1
| #define HAVE_BUILTIN_BSWAP64 1
| #define HAVE_PTHREAD_PRIO_INHERIT 1
| #define WEBP_USE_THREAD 1
| /* end confdefs.h.  */
| #include <GL/glut.h>
configure:14024: result: no
configure:14024: checking for GL/glut.h
configure:14024: result: no
configure:14024: checking GLUT/glut.h usability
configure:14024: gcc -c -g -O2 -pthread   conftest.c >&5
conftest.c:63:10: fatal error: GLUT/glut.h: No such file or directory
   63 | #include <GLUT/glut.h>
      |          ^~~~~~~~~~~~~
compilation terminated.
configure:14024: $? = 1
configure: failed program was:
| /* confdefs.h */
| #define PACKAGE_NAME "libwebp"
| #define PACKAGE_TARNAME "libwebp"
| #define PACKAGE_VERSION "1.2.1"
| #define PACKAGE_STRING "libwebp 1.2.1"
| #define PACKAGE_BUGREPORT "https://bugs.chromium.org/p/webp"
| #define PACKAGE_URL "http://developers.google.com/speed/webp"
| #define PACKAGE "libwebp"
| #define VERSION "1.2.1"
| #define STDC_HEADERS 1
| #define HAVE_SYS_TYPES_H 1
| #define HAVE_SYS_STAT_H 1
| #define HAVE_STDLIB_H 1
| #define HAVE_STRING_H 1
| #define HAVE_MEMORY_H 1
| #define HAVE_STRINGS_H 1
| #define HAVE_INTTYPES_H 1
| #define HAVE_STDINT_H 1
| #define HAVE_UNISTD_H 1
| #define HAVE_DLFCN_H 1
| #define LT_OBJDIR ".libs/"
| #define WEBP_HAVE_SSE41 1
| #define WEBP_HAVE_SSE2 1
| #define HAVE_BUILTIN_BSWAP16 1
| #define HAVE_BUILTIN_BSWAP32 1
| #define HAVE_BUILTIN_BSWAP64 1
| #define HAVE_PTHREAD_PRIO_INHERIT 1
| #define WEBP_USE_THREAD 1
| /* end confdefs.h.  */
| #include <stdio.h>
| #ifdef HAVE_SYS_TYPES_H
| # include <sys/types.h>
| #endif
| #ifdef HAVE_SYS_STAT_H
| # include <sys/stat.h>
| #endif
| #ifdef STDC_HEADERS
| # include <stdlib.h>
| # include <stddef.h>
| #else
| # ifdef HAVE_STDLIB_H
| #  include <stdlib.h>
| # endif
| #endif
| #ifdef HAVE_STRING_H
| # if !defined STDC_HEADERS && defined HAVE_MEMORY_H
| #  include <memory.h>
| # endif
| # include <string.h>
| #endif
| #ifdef HAVE_STRINGS_H
| # include <strings.h>
| #endif
| #ifdef HAVE_INTTYPES_H
| # include <inttypes.h>
| #endif
| #ifdef HAVE_STDINT_H
| # include <stdint.h>
| #endif
| #ifdef HAVE_UNISTD_H
| # include <unistd.h>
| #endif
| #include <GLUT/glut.h>
configure:14024: result: no
configure:14024: checking GLUT/glut.h presence
configure:14024: gcc -E   conftest.c
conftest.c:30:10: fatal error: GLUT/glut.h: No such file or directory
   30 | #include <GLUT/glut.h>
      |          ^~~~~~~~~~~~~
compilation terminated.
configure:14024: $? = 1
configure: failed program was:
| /* confdefs.h */
| #define PACKAGE_NAME "libwebp"
| #define PACKAGE_TARNAME "libwebp"
| #define PACKAGE_VERSION "1.2.1"
| #define PACKAGE_STRING "libwebp 1.2.1"
| #define PACKAGE_BUGREPORT "https://bugs.chromium.org/p/webp"
| #define PACKAGE_URL "http://developers.google.com/speed/webp"
| #define PACKAGE "libwebp"
| #define VERSION "1.2.1"
| #define STDC_HEADERS 1
| #define HAVE_SYS_TYPES_H 1
| #define HAVE_SYS_STAT_H 1
| #define HAVE_STDLIB_H 1
| #define HAVE_STRING_H 1
| #define HAVE_MEMORY_H 1
| #define HAVE_STRINGS_H 1
| #define HAVE_INTTYPES_H 1
| #define HAVE_STDINT_H 1
| #define HAVE_UNISTD_H 1
| #define HAVE_DLFCN_H 1
| #define LT_OBJDIR ".libs/"
| #define WEBP_HAVE_SSE41 1
| #define WEBP_HAVE_SSE2 1
| #define HAVE_BUILTIN_BSWAP16 1
| #define HAVE_BUILTIN_BSWAP32 1
| #define HAVE_BUILTIN_BSWAP64 1
| #define HAVE_PTHREAD_PRIO_INHERIT 1
| #define WEBP_USE_THREAD 1
| /* end confdefs.h.  */
| #include <GLUT/glut.h>
configure:14024: result: no
configure:14024: checking for GLUT/glut.h
configure:14024: result: no
configure:14024: checking OpenGL/glut.h usability
configure:14024: gcc -c -g -O2 -pthread   conftest.c >&5
conftest.c:63:10: fatal error: OpenGL/glut.h: No such file or directory
   63 | #include <OpenGL/glut.h>
      |          ^~~~~~~~~~~~~~~
compilation terminated.
configure:14024: $? = 1
configure: failed program was:
| /* confdefs.h */
| #define PACKAGE_NAME "libwebp"
| #define PACKAGE_TARNAME "libwebp"
| #define PACKAGE_VERSION "1.2.1"
| #define PACKAGE_STRING "libwebp 1.2.1"
| #define PACKAGE_BUGREPORT "https://bugs.chromium.org/p/webp"
| #define PACKAGE_URL "http://developers.google.com/speed/webp"
| #define PACKAGE "libwebp"
| #define VERSION "1.2.1"
| #define STDC_HEADERS 1
| #define HAVE_SYS_TYPES_H 1
| #define HAVE_SYS_STAT_H 1
| #define HAVE_STDLIB_H 1
| #define HAVE_STRING_H 1
| #define HAVE_MEMORY_H 1
| #define HAVE_STRINGS_H 1
| #define HAVE_INTTYPES_H 1
| #define HAVE_STDINT_H 1
| #define HAVE_UNISTD_H 1
| #define HAVE_DLFCN_H 1
| #define LT_OBJDIR ".libs/"
| #define WEBP_HAVE_SSE41 1
| #define WEBP_HAVE_SSE2 1
| #define HAVE_BUILTIN_BSWAP16 1
| #define HAVE_BUILTIN_BSWAP32 1
| #define HAVE_BUILTIN_BSWAP64 1
| #define HAVE_PTHREAD_PRIO_INHERIT 1
| #define WEBP_USE_THREAD 1
| /* end confdefs.h.  */
| #include <stdio.h>
| #ifdef HAVE_SYS_TYPES_H
| # include <sys/types.h>
| #endif
| #ifdef HAVE_SYS_STAT_H
| # include <sys/stat.h>
| #endif
| #ifdef STDC_HEADERS
| # include <stdlib.h>
| # include <stddef.h>
| #else
| # ifdef HAVE_STDLIB_H
| #  include <stdlib.h>
| # endif
| #endif
| #ifdef HAVE_STRING_H
| # if !defined STDC_HEADERS && defined HAVE_MEMORY_H
| #  include <memory.h>
| # endif
| # include <string.h>
| #endif
| #ifdef HAVE_STRINGS_H
| # include <strings.h>
| #endif
| #ifdef HAVE_INTTYPES_H
| # include <inttypes.h>
| #endif
| #ifdef HAVE_STDINT_H
| # include <stdint.h>
| #endif
| #ifdef HAVE_UNISTD_H
| # include <unistd.h>
| #endif
| #include <OpenGL/glut.h>
configure:14024: result: no
configure:14024: checking OpenGL/glut.h presence
configure:14024: gcc -E   conftest.c
conftest.c:30:10: fatal error: OpenGL/glut.h: No such file or directory
   30 | #include <OpenGL/glut.h>
      |          ^~~~~~~~~~~~~~~
compilation terminated.
configure:14024: $? = 1
configure: failed program was:
| /* confdefs.h */
| #define PACKAGE_NAME "libwebp"
| #define PACKAGE_TARNAME "libwebp"
| #define PACKAGE_VERSION "1.2.1"
| #define PACKAGE_STRING "libwebp 1.2.1"
| #define PACKAGE_BUGREPORT "https://bugs.chromium.org/p/webp"
| #define PACKAGE_URL "http://developers.google.com/speed/webp"
| #define PACKAGE "libwebp"
| #define VERSION "1.2.1"
| #define STDC_HEADERS 1
| #define HAVE_SYS_TYPES_H 1
| #define HAVE_SYS_STAT_H 1
| #define HAVE_STDLIB_H 1
| #define HAVE_STRING_H 1
| #define HAVE_MEMORY_H 1
| #define HAVE_STRINGS_H 1
| #define HAVE_INTTYPES_H 1
| #define HAVE_STDINT_H 1
| #define HAVE_UNISTD_H 1
| #define HAVE_DLFCN_H 1
| #define LT_OBJDIR ".libs/"
| #define WEBP_HAVE_SSE41 1
| #define WEBP_HAVE_SSE2 1
| #define HAVE_BUILTIN_BSWAP16 1
| #define HAVE_BUILTIN_BSWAP32 1
| #define HAVE_BUILTIN_BSWAP64 1
| #define HAVE_PTHREAD_PRIO_INHERIT 1
| #define WEBP_USE_THREAD 1
| /* end confdefs.h.  */
| #include <OpenGL/glut.h>
configure:14024: result: no
configure:14024: checking for OpenGL/glut.h
configure:14024: result: no
configure:14182: Not building vwebp. OpenGL libraries and --enable-libwebpdemux are required.
configure:14209: checking for sdl-config
configure:14242: result: no
configure:14273: checking SDL/SDL.h usability
configure:14273: gcc -c -g -O2 -pthread   conftest.c >&5
conftest.c:63:10: fatal error: SDL/SDL.h: No such file or directory
   63 | #include <SDL/SDL.h>
      |          ^~~~~~~~~~~
compilation terminated.
configure:14273: $? = 1
configure: failed program was:
| /* confdefs.h */
| #define PACKAGE_NAME "libwebp"
| #define PACKAGE_TARNAME "libwebp"
| #define PACKAGE_VERSION "1.2.1"
| #define PACKAGE_STRING "libwebp 1.2.1"
| #define PACKAGE_BUGREPORT "https://bugs.chromium.org/p/webp"
| #define PACKAGE_URL "http://developers.google.com/speed/webp"
| #define PACKAGE "libwebp"
| #define VERSION "1.2.1"
| #define STDC_HEADERS 1
| #define HAVE_SYS_TYPES_H 1
| #define HAVE_SYS_STAT_H 1
| #define HAVE_STDLIB_H 1
| #define HAVE_STRING_H 1
| #define HAVE_MEMORY_H 1
| #define HAVE_STRINGS_H 1
| #define HAVE_INTTYPES_H 1
| #define HAVE_STDINT_H 1
| #define HAVE_UNISTD_H 1
| #define HAVE_DLFCN_H 1
| #define LT_OBJDIR ".libs/"
| #define WEBP_HAVE_SSE41 1
| #define WEBP_HAVE_SSE2 1
| #define HAVE_BUILTIN_BSWAP16 1
| #define HAVE_BUILTIN_BSWAP32 1
| #define HAVE_BUILTIN_BSWAP64 1
| #define HAVE_PTHREAD_PRIO_INHERIT 1
| #define WEBP_USE_THREAD 1
| /* end confdefs.h.  */
| #include <stdio.h>
| #ifdef HAVE_SYS_TYPES_H
| # include <sys/types.h>
| #endif
| #ifdef HAVE_SYS_STAT_H
| # include <sys/stat.h>
| #endif
| #ifdef STDC_HEADERS
| # include <stdlib.h>
| # include <stddef.h>
| #else
| # ifdef HAVE_STDLIB_H
| #  include <stdlib.h>
| # endif
| #endif
| #ifdef HAVE_STRING_H
| # if !defined STDC_HEADERS && defined HAVE_MEMORY_H
| #  include <memory.h>
| # endif
| # include <string.h>
| #endif
| #ifdef HAVE_STRINGS_H
| # include <strings.h>
| #endif
| #ifdef HAVE_INTTYPES_H
| # include <inttypes.h>
| #endif
| #ifdef HAVE_STDINT_H
| # include <stdint.h>
| #endif
| #ifdef HAVE_UNISTD_H
| # include <unistd.h>
| #endif
| #include <SDL/SDL.h>
configure:14273: result: no
configure:14273: checking SDL/SDL.h presence
configure:14273: gcc -E   conftest.c
conftest.c:30:10: fatal error: SDL/SDL.h: No such file or directory
   30 | #include <SDL/SDL.h>
      |          ^~~~~~~~~~~
compilation terminated.
configure:14273: $? = 1
configure: failed program was:
| /* confdefs.h */
| #define PACKAGE_NAME "libwebp"
| #define PACKAGE_TARNAME "libwebp"
| #define PACKAGE_VERSION "1.2.1"
| #define PACKAGE_STRING "libwebp 1.2.1"
| #define PACKAGE_BUGREPORT "https://bugs.chromium.org/p/webp"
| #define PACKAGE_URL "http://developers.google.com/speed/webp"
| #define PACKAGE "libwebp"
| #define VERSION "1.2.1"
| #define STDC_HEADERS 1
| #define HAVE_SYS_TYPES_H 1
| #define HAVE_SYS_STAT_H 1
| #define HAVE_STDLIB_H 1
| #define HAVE_STRING_H 1
| #define HAVE_MEMORY_H 1
| #define HAVE_STRINGS_H 1
| #define HAVE_INTTYPES_H 1
| #define HAVE_STDINT_H 1
| #define HAVE_UNISTD_H 1
| #define HAVE_DLFCN_H 1
| #define LT_OBJDIR ".libs/"
| #define WEBP_HAVE_SSE41 1
| #define WEBP_HAVE_SSE2 1
| #define HAVE_BUILTIN_BSWAP16 1
| #define HAVE_BUILTIN_BSWAP32 1
| #define HAVE_BUILTIN_BSWAP64 1
| #define HAVE_PTHREAD_PRIO_INHERIT 1
| #define WEBP_USE_THREAD 1
| /* end confdefs.h.  */
| #include <SDL/SDL.h>
configure:14273: result: no
configure:14273: checking for SDL/SDL.h
configure:14273: result: no
configure:14277: checking SDL.h usability
configure:14277: gcc -c -g -O2 -pthread   conftest.c >&5
conftest.c:63:10: fatal error: SDL.h: No such file or directory
   63 | #include <SDL.h>
      |          ^~~~~~~
compilation terminated.
configure:14277: $? = 1
configure: failed program was:
| /* confdefs.h */
| #define PACKAGE_NAME "libwebp"
| #define PACKAGE_TARNAME "libwebp"
| #define PACKAGE_VERSION "1.2.1"
| #define PACKAGE_STRING "libwebp 1.2.1"
| #define PACKAGE_BUGREPORT "https://bugs.chromium.org/p/webp"
| #define PACKAGE_URL "http://developers.google.com/speed/webp"
| #define PACKAGE "libwebp"
| #define VERSION "1.2.1"
| #define STDC_HEADERS 1
| #define HAVE_SYS_TYPES_H 1
| #define HAVE_SYS_STAT_H 1
| #define HAVE_STDLIB_H 1
| #define HAVE_STRING_H 1
| #define HAVE_MEMORY_H 1
| #define HAVE_STRINGS_H 1
| #define HAVE_INTTYPES_H 1
| #define HAVE_STDINT_H 1
| #define HAVE_UNISTD_H 1
| #define HAVE_DLFCN_H 1
| #define LT_OBJDIR ".libs/"
| #define WEBP_HAVE_SSE41 1
| #define WEBP_HAVE_SSE2 1
| #define HAVE_BUILTIN_BSWAP16 1
| #define HAVE_BUILTIN_BSWAP32 1
| #define HAVE_BUILTIN_BSWAP64 1
| #define HAVE_PTHREAD_PRIO_INHERIT 1
| #define WEBP_USE_THREAD 1
| /* end confdefs.h.  */
| #include <stdio.h>
| #ifdef HAVE_SYS_TYPES_H
| # include <sys/types.h>
| #endif
| #ifdef HAVE_SYS_STAT_H
| # include <sys/stat.h>
| #endif
| #ifdef STDC_HEADERS
| # include <stdlib.h>
| # include <stddef.h>
| #else
| # ifdef HAVE_STDLIB_H
| #  include <stdlib.h>
| # endif
| #endif
| #ifdef HAVE_STRING_H
| # if !defined STDC_HEADERS && defined HAVE_MEMORY_H
| #  include <memory.h>
| # endif
| # include <string.h>
| #endif
| #ifdef HAVE_STRINGS_H
| # include <strings.h>
| #endif
| #ifdef HAVE_INTTYPES_H
| # include <inttypes.h>
| #endif
| #ifdef HAVE_STDINT_H
| # include <stdint.h>
| #endif
| #ifdef HAVE_UNISTD_H
| # include <unistd.h>
| #endif
| #include <SDL.h>
configure:14277: result: no
configure:14277: checking SDL.h presence
configure:14277: gcc -E   conftest.c
conftest.c:30:10: fatal error: SDL.h: No such file or directory
   30 | #include <SDL.h>
      |          ^~~~~~~
compilation terminated.
configure:14277: $? = 1
configure: failed program was:
| /* confdefs.h */
| #define PACKAGE_NAME "libwebp"
| #define PACKAGE_TARNAME "libwebp"
| #define PACKAGE_VERSION "1.2.1"
| #define PACKAGE_STRING "libwebp 1.2.1"
| #define PACKAGE_BUGREPORT "https://bugs.chromium.org/p/webp"
| #define PACKAGE_URL "http://developers.google.com/speed/webp"
| #define PACKAGE "libwebp"
| #define VERSION "1.2.1"
| #define STDC_HEADERS 1
| #define HAVE_SYS_TYPES_H 1
| #define HAVE_SYS_STAT_H 1
| #define HAVE_STDLIB_H 1
| #define HAVE_STRING_H 1
| #define HAVE_MEMORY_H 1
| #define HAVE_STRINGS_H 1
| #define HAVE_INTTYPES_H 1
| #define HAVE_STDINT_H 1
| #define HAVE_UNISTD_H 1
| #define HAVE_DLFCN_H 1
| #define LT_OBJDIR ".libs/"
| #define WEBP_HAVE_SSE41 1
| #define WEBP_HAVE_SSE2 1
| #define HAVE_BUILTIN_BSWAP16 1
| #define HAVE_BUILTIN_BSWAP32 1
| #define HAVE_BUILTIN_BSWAP64 1
| #define HAVE_PTHREAD_PRIO_INHERIT 1
| #define WEBP_USE_THREAD 1
| /* end confdefs.h.  */
| #include <SDL.h>
configure:14277: result: no
configure:14277: checking for SDL.h
configure:14277: result: no
configure:14281: WARNING: SDL library not available - no sdl.h
configure:14343: Not building vwebp-sdl. SDL library is required.
configure:14372: checking for libpng-config
configure:14405: result: no
configure:14372: checking for libpng16-config
configure:14405: result: no
configure:14372: checking for libpng15-config
configure:14405: result: no
configure:14372: checking for libpng14-config
configure:14405: result: no
configure:14372: checking for libpng12-config
configure:14405: result: no
configure:14435: checking png.h usability
configure:14435: gcc -c -g -O2 -pthread   conftest.c >&5
conftest.c:63:10: fatal error: png.h: No such file or directory
   63 | #include <png.h>
      |          ^~~~~~~
compilation terminated.
configure:14435: $? = 1
configure: failed program was:
| /* confdefs.h */
| #define PACKAGE_NAME "libwebp"
| #define PACKAGE_TARNAME "libwebp"
| #define PACKAGE_VERSION "1.2.1"
| #define PACKAGE_STRING "libwebp 1.2.1"
| #define PACKAGE_BUGREPORT "https://bugs.chromium.org/p/webp"
| #define PACKAGE_URL "http://developers.google.com/speed/webp"
| #define PACKAGE "libwebp"
| #define VERSION "1.2.1"
| #define STDC_HEADERS 1
| #define HAVE_SYS_TYPES_H 1
| #define HAVE_SYS_STAT_H 1
| #define HAVE_STDLIB_H 1
| #define HAVE_STRING_H 1
| #define HAVE_MEMORY_H 1
| #define HAVE_STRINGS_H 1
| #define HAVE_INTTYPES_H 1
| #define HAVE_STDINT_H 1
| #define HAVE_UNISTD_H 1
| #define HAVE_DLFCN_H 1
| #define LT_OBJDIR ".libs/"
| #define WEBP_HAVE_SSE41 1
| #define WEBP_HAVE_SSE2 1
| #define HAVE_BUILTIN_BSWAP16 1
| #define HAVE_BUILTIN_BSWAP32 1
| #define HAVE_BUILTIN_BSWAP64 1
| #define HAVE_PTHREAD_PRIO_INHERIT 1
| #define WEBP_USE_THREAD 1
| /* end confdefs.h.  */
| #include <stdio.h>
| #ifdef HAVE_SYS_TYPES_H
| # include <sys/types.h>
| #endif
| #ifdef HAVE_SYS_STAT_H
| # include <sys/stat.h>
| #endif
| #ifdef STDC_HEADERS
| # include <stdlib.h>
| # include <stddef.h>
| #else
| # ifdef HAVE_STDLIB_H
| #  include <stdlib.h>
| # endif
| #endif
| #ifdef HAVE_STRING_H
| # if !defined STDC_HEADERS && defined HAVE_MEMORY_H
| #  include <memory.h>
| # endif
| # include <string.h>
| #endif
| #ifdef HAVE_STRINGS_H
| # include <strings.h>
| #endif
| #ifdef HAVE_INTTYPES_H
| # include <inttypes.h>
| #endif
| #ifdef HAVE_STDINT_H
| # include <stdint.h>
| #endif
| #ifdef HAVE_UNISTD_H
| # include <unistd.h>
| #endif
| #include <png.h>
configure:14435: result: no
configure:14435: checking png.h presence
configure:14435: gcc -E   conftest.c
conftest.c:30:10: fatal error: png.h: No such file or directory
   30 | #include <png.h>
      |          ^~~~~~~
compilation terminated.
configure:14435: $? = 1
configure: failed program was:
| /* confdefs.h */
| #define PACKAGE_NAME "libwebp"
| #define PACKAGE_TARNAME "libwebp"
| #define PACKAGE_VERSION "1.2.1"
| #define PACKAGE_STRING "libwebp 1.2.1"
| #define PACKAGE_BUGREPORT "https://bugs.chromium.org/p/webp"
| #define PACKAGE_URL "http://developers.google.com/speed/webp"
| #define PACKAGE "libwebp"
| #define VERSION "1.2.1"
| #define STDC_HEADERS 1
| #define HAVE_SYS_TYPES_H 1
| #define HAVE_SYS_STAT_H 1
| #define HAVE_STDLIB_H 1
| #define HAVE_STRING_H 1
| #define HAVE_MEMORY_H 1
| #define HAVE_STRINGS_H 1
| #define HAVE_INTTYPES_H 1
| #define HAVE_STDINT_H 1
| #define HAVE_UNISTD_H 1
| #define HAVE_DLFCN_H 1
| #define LT_OBJDIR ".libs/"
| #define WEBP_HAVE_SSE41 1
| #define WEBP_HAVE_SSE2 1
| #define HAVE_BUILTIN_BSWAP16 1
| #define HAVE_BUILTIN_BSWAP32 1
| #define HAVE_BUILTIN_BSWAP64 1
| #define HAVE_PTHREAD_PRIO_INHERIT 1
| #define WEBP_USE_THREAD 1
| /* end confdefs.h.  */
| #include <png.h>
configure:14435: result: no
configure:14435: checking for png.h
configure:14435: result: no
configure:14507: WARNING: png library not available - no png.h
configure:14548: checking jpeglib.h usability
configure:14548: gcc -c -g -O2 -pthread   conftest.c >&5
conftest.c:63:10: fatal error: jpeglib.h: No such file or directory
   63 | #include <jpeglib.h>
      |          ^~~~~~~~~~~
compilation terminated.
configure:14548: $? = 1
configure: failed program was:
| /* confdefs.h */
| #define PACKAGE_NAME "libwebp"
| #define PACKAGE_TARNAME "libwebp"
| #define PACKAGE_VERSION "1.2.1"
| #define PACKAGE_STRING "libwebp 1.2.1"
| #define PACKAGE_BUGREPORT "https://bugs.chromium.org/p/webp"
| #define PACKAGE_URL "http://developers.google.com/speed/webp"
| #define PACKAGE "libwebp"
| #define VERSION "1.2.1"
| #define STDC_HEADERS 1
| #define HAVE_SYS_TYPES_H 1
| #define HAVE_SYS_STAT_H 1
| #define HAVE_STDLIB_H 1
| #define HAVE_STRING_H 1
| #define HAVE_MEMORY_H 1
| #define HAVE_STRINGS_H 1
| #define HAVE_INTTYPES_H 1
| #define HAVE_STDINT_H 1
| #define HAVE_UNISTD_H 1
| #define HAVE_DLFCN_H 1
| #define LT_OBJDIR ".libs/"
| #define WEBP_HAVE_SSE41 1
| #define WEBP_HAVE_SSE2 1
| #define HAVE_BUILTIN_BSWAP16 1
| #define HAVE_BUILTIN_BSWAP32 1
| #define HAVE_BUILTIN_BSWAP64 1
| #define HAVE_PTHREAD_PRIO_INHERIT 1
| #define WEBP_USE_THREAD 1
| /* end confdefs.h.  */
| #include <stdio.h>
| #ifdef HAVE_SYS_TYPES_H
| # include <sys/types.h>
| #endif
| #ifdef HAVE_SYS_STAT_H
| # include <sys/stat.h>
| #endif
| #ifdef STDC_HEADERS
| # include <stdlib.h>
| # include <stddef.h>
| #else
| # ifdef HAVE_STDLIB_H
| #  include <stdlib.h>
| # endif
| #endif
| #ifdef HAVE_STRING_H
| # if !defined STDC_HEADERS && defined HAVE_MEMORY_H
| #  include <memory.h>
| # endif
| # include <string.h>
| #endif
| #ifdef HAVE_STRINGS_H
| # include <strings.h>
| #endif
| #ifdef HAVE_INTTYPES_H
| # include <inttypes.h>
| #endif
| #ifdef HAVE_STDINT_H
| # include <stdint.h>
| #endif
| #ifdef HAVE_UNISTD_H
| # include <unistd.h>
| #endif
| #include <jpeglib.h>
configure:14548: result: no
configure:14548: checking jpeglib.h presence
configure:14548: gcc -E   conftest.c
conftest.c:30:10: fatal error: jpeglib.h: No such file or directory
   30 | #include <jpeglib.h>
      |          ^~~~~~~~~~~
compilation terminated.
configure:14548: $? = 1
configure: failed program was:
| /* confdefs.h */
| #define PACKAGE_NAME "libwebp"
| #define PACKAGE_TARNAME "libwebp"
| #define PACKAGE_VERSION "1.2.1"
| #define PACKAGE_STRING "libwebp 1.2.1"
| #define PACKAGE_BUGREPORT "https://bugs.chromium.org/p/webp"
| #define PACKAGE_URL "http://developers.google.com/speed/webp"
| #define PACKAGE "libwebp"
| #define VERSION "1.2.1"
| #define STDC_HEADERS 1
| #define HAVE_SYS_TYPES_H 1
| #define HAVE_SYS_STAT_H 1
| #define HAVE_STDLIB_H 1
| #define HAVE_STRING_H 1
| #define HAVE_MEMORY_H 1
| #define HAVE_STRINGS_H 1
| #define HAVE_INTTYPES_H 1
| #define HAVE_STDINT_H 1
| #define HAVE_UNISTD_H 1
| #define HAVE_DLFCN_H 1
| #define LT_OBJDIR ".libs/"
| #define WEBP_HAVE_SSE41 1
| #define WEBP_HAVE_SSE2 1
| #define HAVE_BUILTIN_BSWAP16 1
| #define HAVE_BUILTIN_BSWAP32 1
| #define HAVE_BUILTIN_BSWAP64 1
| #define HAVE_PTHREAD_PRIO_INHERIT 1
| #define WEBP_USE_THREAD 1
| /* end confdefs.h.  */
| #include <jpeglib.h>
configure:14548: result: no
configure:14548: checking for jpeglib.h
configure:14548: result: no
configure:14600: WARNING: jpeg library not available - no jpeglib.h
configure:14639: checking tiffio.h usability
configure:14639: gcc -c -g -O2 -pthread   conftest.c >&5
conftest.c:63:10: fatal error: tiffio.h: No such file or directory
   63 | #include <tiffio.h>
      |          ^~~~~~~~~~
compilation terminated.
configure:14639: $? = 1
configure: failed program was:
| /* confdefs.h */
| #define PACKAGE_NAME "libwebp"
| #define PACKAGE_TARNAME "libwebp"
| #define PACKAGE_VERSION "1.2.1"
| #define PACKAGE_STRING "libwebp 1.2.1"
| #define PACKAGE_BUGREPORT "https://bugs.chromium.org/p/webp"
| #define PACKAGE_URL "http://developers.google.com/speed/webp"
| #define PACKAGE "libwebp"
| #define VERSION "1.2.1"
| #define STDC_HEADERS 1
| #define HAVE_SYS_TYPES_H 1
| #define HAVE_SYS_STAT_H 1
| #define HAVE_STDLIB_H 1
| #define HAVE_STRING_H 1
| #define HAVE_MEMORY_H 1
| #define HAVE_STRINGS_H 1
| #define HAVE_INTTYPES_H 1
| #define HAVE_STDINT_H 1
| #define HAVE_UNISTD_H 1
| #define HAVE_DLFCN_H 1
| #define LT_OBJDIR ".libs/"
| #define WEBP_HAVE_SSE41 1
| #define WEBP_HAVE_SSE2 1
| #define HAVE_BUILTIN_BSWAP16 1
| #define HAVE_BUILTIN_BSWAP32 1
| #define HAVE_BUILTIN_BSWAP64 1
| #define HAVE_PTHREAD_PRIO_INHERIT 1
| #define WEBP_USE_THREAD 1
| /* end confdefs.h.  */
| #include <stdio.h>
| #ifdef HAVE_SYS_TYPES_H
| # include <sys/types.h>
| #endif
| #ifdef HAVE_SYS_STAT_H
| # include <sys/stat.h>
| #endif
| #ifdef STDC_HEADERS
| # include <stdlib.h>
| # include <stddef.h>
| #else
| # ifdef HAVE_STDLIB_H
| #  include <stdlib.h>
| # endif
| #endif
| #ifdef HAVE_STRING_H
| # if !defined STDC_HEADERS && defined HAVE_MEMORY_H
| #  include <memory.h>
| # endif
| # include <string.h>
| #endif
| #ifdef HAVE_STRINGS_H
| # include <strings.h>
| #endif
| #ifdef HAVE_INTTYPES_H
| # include <inttypes.h>
| #endif
| #ifdef HAVE_STDINT_H
| # include <stdint.h>
| #endif
| #ifdef HAVE_UNISTD_H
| # include <unistd.h>
| #endif
| #include <tiffio.h>
configure:14639: result: no
configure:14639: checking tiffio.h presence
configure:14639: gcc -E   conftest.c
conftest.c:30:10: fatal error: tiffio.h: No such file or directory
   30 | #include <tiffio.h>
      |          ^~~~~~~~~~
compilation terminated.
configure:14639: $? = 1
configure: failed program was:
| /* confdefs.h */
| #define PACKAGE_NAME "libwebp"
| #define PACKAGE_TARNAME "libwebp"
| #define PACKAGE_VERSION "1.2.1"
| #define PACKAGE_STRING "libwebp 1.2.1"
| #define PACKAGE_BUGREPORT "https://bugs.chromium.org/p/webp"
| #define PACKAGE_URL "http://developers.google.com/speed/webp"
| #define PACKAGE "libwebp"
| #define VERSION "1.2.1"
| #define STDC_HEADERS 1
| #define HAVE_SYS_TYPES_H 1
| #define HAVE_SYS_STAT_H 1
| #define HAVE_STDLIB_H 1
| #define HAVE_STRING_H 1
| #define HAVE_MEMORY_H 1
| #define HAVE_STRINGS_H 1
| #define HAVE_INTTYPES_H 1
| #define HAVE_STDINT_H 1
| #define HAVE_UNISTD_H 1
| #define HAVE_DLFCN_H 1
| #define LT_OBJDIR ".libs/"
| #define WEBP_HAVE_SSE41 1
| #define WEBP_HAVE_SSE2 1
| #define HAVE_BUILTIN_BSWAP16 1
| #define HAVE_BUILTIN_BSWAP32 1
| #define HAVE_BUILTIN_BSWAP64 1
| #define HAVE_PTHREAD_PRIO_INHERIT 1
| #define WEBP_USE_THREAD 1
| /* end confdefs.h.  */
| #include <tiffio.h>
configure:14639: result: no
configure:14639: checking for tiffio.h
configure:14639: result: no
configure:14691: WARNING: tiff library not available - no tiffio.h
configure:14730: checking gif_lib.h usability
configure:14730: gcc -c -g -O2 -pthread   conftest.c >&5
conftest.c:63:10: fatal error: gif_lib.h: No such file or directory
   63 | #include <gif_lib.h>
      |          ^~~~~~~~~~~
compilation terminated.
configure:14730: $? = 1
configure: failed program was:
| /* confdefs.h */
| #define PACKAGE_NAME "libwebp"
| #define PACKAGE_TARNAME "libwebp"
| #define PACKAGE_VERSION "1.2.1"
| #define PACKAGE_STRING "libwebp 1.2.1"
| #define PACKAGE_BUGREPORT "https://bugs.chromium.org/p/webp"
| #define PACKAGE_URL "http://developers.google.com/speed/webp"
| #define PACKAGE "libwebp"
| #define VERSION "1.2.1"
| #define STDC_HEADERS 1
| #define HAVE_SYS_TYPES_H 1
| #define HAVE_SYS_STAT_H 1
| #define HAVE_STDLIB_H 1
| #define HAVE_STRING_H 1
| #define HAVE_MEMORY_H 1
| #define HAVE_STRINGS_H 1
| #define HAVE_INTTYPES_H 1
| #define HAVE_STDINT_H 1
| #define HAVE_UNISTD_H 1
| #define HAVE_DLFCN_H 1
| #define LT_OBJDIR ".libs/"
| #define WEBP_HAVE_SSE41 1
| #define WEBP_HAVE_SSE2 1
| #define HAVE_BUILTIN_BSWAP16 1
| #define HAVE_BUILTIN_BSWAP32 1
| #define HAVE_BUILTIN_BSWAP64 1
| #define HAVE_PTHREAD_PRIO_INHERIT 1
| #define WEBP_USE_THREAD 1
| /* end confdefs.h.  */
| #include <stdio.h>
| #ifdef HAVE_SYS_TYPES_H
| # include <sys/types.h>
| #endif
| #ifdef HAVE_SYS_STAT_H
| # include <sys/stat.h>
| #endif
| #ifdef STDC_HEADERS
| # include <stdlib.h>
| # include <stddef.h>
| #else
| # ifdef HAVE_STDLIB_H
| #  include <stdlib.h>
| # endif
| #endif
| #ifdef HAVE_STRING_H
| # if !defined STDC_HEADERS && defined HAVE_MEMORY_H
| #  include <memory.h>
| # endif
| # include <string.h>
| #endif
| #ifdef HAVE_STRINGS_H
| # include <strings.h>
| #endif
| #ifdef HAVE_INTTYPES_H
| # include <inttypes.h>
| #endif
| #ifdef HAVE_STDINT_H
| # include <stdint.h>
| #endif
| #ifdef HAVE_UNISTD_H
| # include <unistd.h>
| #endif
| #include <gif_lib.h>
configure:14730: result: no
configure:14730: checking gif_lib.h presence
configure:14730: gcc -E   conftest.c
conftest.c:30:10: fatal error: gif_lib.h: No such file or directory
   30 | #include <gif_lib.h>
      |          ^~~~~~~~~~~
compilation terminated.
configure:14730: $? = 1
configure: failed program was:
| /* confdefs.h */
| #define PACKAGE_NAME "libwebp"
| #define PACKAGE_TARNAME "libwebp"
| #define PACKAGE_VERSION "1.2.1"
| #define PACKAGE_STRING "libwebp 1.2.1"
| #define PACKAGE_BUGREPORT "https://bugs.chromium.org/p/webp"
| #define PACKAGE_URL "http://developers.google.com/speed/webp"
| #define PACKAGE "libwebp"
| #define VERSION "1.2.1"
| #define STDC_HEADERS 1
| #define HAVE_SYS_TYPES_H 1
| #define HAVE_SYS_STAT_H 1
| #define HAVE_STDLIB_H 1
| #define HAVE_STRING_H 1
| #define HAVE_MEMORY_H 1
| #define HAVE_STRINGS_H 1
| #define HAVE_INTTYPES_H 1
| #define HAVE_STDINT_H 1
| #define HAVE_UNISTD_H 1
| #define HAVE_DLFCN_H 1
| #define LT_OBJDIR ".libs/"
| #define WEBP_HAVE_SSE41 1
| #define WEBP_HAVE_SSE2 1
| #define HAVE_BUILTIN_BSWAP16 1
| #define HAVE_BUILTIN_BSWAP32 1
| #define HAVE_BUILTIN_BSWAP64 1
| #define HAVE_PTHREAD_PRIO_INHERIT 1
| #define WEBP_USE_THREAD 1
| /* end confdefs.h.  */
| #include <gif_lib.h>
configure:14730: result: no
configure:14730: checking for gif_lib.h
configure:14730: result: no
configure:14781: WARNING: gif library not available - no gif_lib.h
configure:14796: Not building anim_diff. libgif and --enable-libwebpdemux are required.
configure:14804: Not building gif2webp. libgif and --enable-libwebpmux are required.
configure:14942: checking if --enable-swap-16bit-csp option is specified
configure:14952: result: no
configure:14960: checking if --disable-near-lossless option is specified
configure:14976: result: no
configure:15089: checking that generated files are newer than configure
configure:15095: result: done
configure:15159: creating ./config.status

## ---------------------- ##
## Running config.status. ##
## ---------------------- ##

This file was extended by libwebp config.status 1.2.1, which was
generated by GNU Autoconf 2.69.  Invocation command line was

  CONFIG_FILES    = 
  CONFIG_HEADERS  = 
  CONFIG_LINKS    = 
  CONFIG_COMMANDS = 
  $ ./config.status 

on dell01

config.status:1154: creating Makefile
config.status:1154: creating src/Makefile
config.status:1154: creating man/Makefile
config.status:1154: creating examples/Makefile
config.status:1154: creating extras/Makefile
config.status:1154: creating imageio/Makefile
config.status:1154: creating src/dec/Makefile
config.status:1154: creating src/enc/Makefile
config.status:1154: creating src/dsp/Makefile
config.status:1154: creating src/demux/Makefile
config.status:1154: creating src/mux/Makefile
config.status:1154: creating src/utils/Makefile
config.status:1154: creating src/libwebp.pc
config.status:1154: creating src/libwebpdecoder.pc
config.status:1154: creating src/demux/libwebpdemux.pc
config.status:1154: creating src/mux/libwebpmux.pc
config.status:1154: creating src/webp/config.h
config.status:1335: src/webp/config.h is unchanged
config.status:1383: executing depfiles commands
config.status:1460: cd examples       && sed -e '/# am--include-marker/d' Makefile         | make -f - am--depfiles
make: Nothing to be done for 'am--depfiles'.
config.status:1465: $? = 0
config.status:1460: cd extras       && sed -e '/# am--include-marker/d' Makefile         | make -f - am--depfiles
make: Nothing to be done for 'am--depfiles'.
config.status:1465: $? = 0
config.status:1460: cd imageio       && sed -e '/# am--include-marker/d' Makefile         | make -f - am--depfiles
make: Nothing to be done for 'am--depfiles'.
config.status:1465: $? = 0
config.status:1460: cd src/dec       && sed -e '/# am--include-marker/d' Makefile         | make -f - am--depfiles
make: Nothing to be done for 'am--depfiles'.
config.status:1465: $? = 0
config.status:1460: cd src/enc       && sed -e '/# am--include-marker/d' Makefile         | make -f - am--depfiles
make: Nothing to be done for 'am--depfiles'.
config.status:1465: $? = 0
config.status:1460: cd src/dsp       && sed -e '/# am--include-marker/d' Makefile         | make -f - am--depfiles
make: Nothing to be done for 'am--depfiles'.
config.status:1465: $? = 0
config.status:1460: cd src/demux       && sed -e '/# am--include-marker/d' Makefile         | make -f - am--depfiles
make: Nothing to be done for 'am--depfiles'.
config.status:1465: $? = 0
config.status:1460: cd src/mux       && sed -e '/# am--include-marker/d' Makefile         | make -f - am--depfiles
make: Nothing to be done for 'am--depfiles'.
config.status:1465: $? = 0
config.status:1460: cd src/utils       && sed -e '/# am--include-marker/d' Makefile         | make -f - am--depfiles
make: Nothing to be done for 'am--depfiles'.
config.status:1465: $? = 0
config.status:1383: executing libtool commands
configure:17356:
WebP Configuration Summary
--------------------------

Shared libraries: yes
Static libraries: yes
Threading support: yes
libwebp: yes
libwebpdecoder: no
libwebpdemux: yes
libwebpmux: yes
libwebpextras: no

Tools:
cwebp : yes
  Input format support
  ====================
  JPEG : no
  PNG  : no
  TIFF : no
  WIC  : no
dwebp : yes
  Output format support
  =====================
  PNG  : no
  WIC  : no
GIF support : no
anim_diff   : no
gif2webp    : no
img2webp    : yes
webpmux     : yes
vwebp       : no
webpinfo    : yes
SDL support : no
vwebp_sdl   : no


## ---------------- ##
## Cache variables. ##
## ---------------- ##

ac_cv_build=x86_64-pc-linux-gnu
ac_cv_c_bigendian=no
ac_cv_c_compiler_gnu=yes
ac_cv_env_CC_set=
ac_cv_env_CC_value=
ac_cv_env_CFLAGS_set=
ac_cv_env_CFLAGS_value=
ac_cv_env_CPPFLAGS_set=
ac_cv_env_CPPFLAGS_value=
ac_cv_env_CPP_set=
ac_cv_env_CPP_value=
ac_cv_env_LDFLAGS_set=
ac_cv_env_LDFLAGS_value=
ac_cv_env_LIBS_set=
ac_cv_env_LIBS_value=
ac_cv_env_LT_SYS_LIBRARY_PATH_set=
ac_cv_env_LT_SYS_LIBRARY_PATH_value=
ac_cv_env_build_alias_set=
ac_cv_env_build_alias_value=
ac_cv_env_host_alias_set=
ac_cv_env_host_alias_value=
ac_cv_env_target_alias_set=
ac_cv_env_target_alias_value=
ac_cv_header_GLUT_glut_h=no
ac_cv_header_GL_glut_h=no
ac_cv_header_OpenGL_glut_h=no
ac_cv_header_SDL_SDL_h=no
ac_cv_header_SDL_h=no
ac_cv_header_dlfcn_h=yes
ac_cv_header_emmintrin_h=yes
ac_cv_header_gif_lib_h=no
ac_cv_header_inttypes_h=yes
ac_cv_header_jpeglib_h=no
ac_cv_header_memory_h=yes
ac_cv_header_png_h=no
ac_cv_header_smmintrin_h=yes
ac_cv_header_stdc=yes
ac_cv_header_stdint_h=yes
ac_cv_header_stdlib_h=yes
ac_cv_header_string_h=yes
ac_cv_header_strings_h=yes
ac_cv_header_sys_stat_h=yes
ac_cv_header_sys_types_h=yes
ac_cv_header_tiffio_h=no
ac_cv_header_unistd_h=yes
ac_cv_host=x86_64-pc-linux-gnu
ac_cv_objext=o
ac_cv_path_EGREP='/usr/bin/grep -E'
ac_cv_path_FGREP='/usr/bin/grep -F'
ac_cv_path_GREP=/usr/bin/grep
ac_cv_path_SED=/usr/bin/sed
ac_cv_path_install='/usr/bin/install -c'
ac_cv_path_lt_DD=/usr/bin/dd
ac_cv_path_mkdir=/usr/bin/mkdir
ac_cv_prog_AWK=mawk
ac_cv_prog_CPP='gcc -E'
ac_cv_prog_ac_ct_AR=ar
ac_cv_prog_ac_ct_CC=gcc
ac_cv_prog_ac_ct_MANIFEST_TOOL=mt
ac_cv_prog_ac_ct_OBJDUMP=objdump
ac_cv_prog_ac_ct_RANLIB=ranlib
ac_cv_prog_ac_ct_STRIP=strip
ac_cv_prog_cc_c89=
ac_cv_prog_cc_g=yes
ac_cv_prog_make_make_set=yes
am_cv_CC_dependencies_compiler_type=gcc3
am_cv_ar_interface=ar
am_cv_make_support_nested_variables=yes
am_cv_prog_cc_c_o=yes
ax_cv_PTHREAD_PRIO_INHERIT=yes
lt_cv_ar_at_file=@
lt_cv_archive_cmds_need_lc=no
lt_cv_deplibs_check_method=pass_all
lt_cv_file_magic_cmd='$MAGIC_CMD'
lt_cv_file_magic_test_file=
lt_cv_ld_reload_flag=-r
lt_cv_nm_interface='BSD nm'
lt_cv_objdir=.libs
lt_cv_path_LD=/usr/bin/ld
lt_cv_path_NM='/usr/bin/nm -B'
lt_cv_path_mainfest_tool=no
lt_cv_prog_compiler_c_o=yes
lt_cv_prog_compiler_pic='-fPIC -DPIC'
lt_cv_prog_compiler_pic_works=yes
lt_cv_prog_compiler_rtti_exceptions=no
lt_cv_prog_compiler_static_works=yes
lt_cv_prog_gnu_ld=yes
lt_cv_sharedlib_from_linklib_cmd='printf %s\n'
lt_cv_shlibpath_overrides_runpath=yes
lt_cv_sys_global_symbol_pipe='sed -n -e '\''s/^.*[	 ]\([ABCDGIRSTW][ABCDGIRSTW]*\)[	 ][	 ]*\([_A-Za-z][_A-Za-z0-9]*\)$/\1 \2 \2/p'\'' | sed '\''/ __gnu_lto/d'\'''
lt_cv_sys_global_symbol_to_c_name_address='sed -n -e '\''s/^: \(.*\) .*$/  {"\1", (void *) 0},/p'\'' -e '\''s/^[ABCDGIRSTW][ABCDGIRSTW]* .* \(.*\)$/  {"\1", (void *) \&\1},/p'\'''
lt_cv_sys_global_symbol_to_c_name_address_lib_prefix='sed -n -e '\''s/^: \(.*\) .*$/  {"\1", (void *) 0},/p'\'' -e '\''s/^[ABCDGIRSTW][ABCDGIRSTW]* .* \(lib.*\)$/  {"\1", (void *) \&\1},/p'\'' -e '\''s/^[ABCDGIRSTW][ABCDGIRSTW]* .* \(.*\)$/  {"lib\1", (void *) \&\1},/p'\'''
lt_cv_sys_global_symbol_to_cdecl='sed -n -e '\''s/^T .* \(.*\)$/extern int \1();/p'\'' -e '\''s/^[ABCDGIRSTW][ABCDGIRSTW]* .* \(.*\)$/extern char \1;/p'\'''
lt_cv_sys_global_symbol_to_import=
lt_cv_sys_max_cmd_len=1572864
lt_cv_to_host_file_cmd=func_convert_file_noop
lt_cv_to_tool_file_cmd=func_convert_file_noop
lt_cv_truncate_bin='/usr/bin/dd bs=4096 count=1'

## ----------------- ##
## Output variables. ##
## ----------------- ##

ACLOCAL='${SHELL} '\''/home/t4m1/Área de Trabalho/libwebp-1.2.1/missing'\'' aclocal-1.16'
AMDEPBACKSLASH='\'
AMDEP_FALSE='#'
AMDEP_TRUE=''
AMTAR='$${TAR-tar}'
AM_BACKSLASH='\'
AM_CFLAGS=' -fvisibility=hidden -Wall -Wdeclaration-after-statement -Wextra -Wfloat-conversion -Wformat -Wformat-nonliteral -Wformat -Wformat-security -Wmissing-declarations -Wmissing-prototypes -Wold-style-definition -Wshadow -Wundef -Wunreachable-code -Wunused-but-set-variable -Wunused -Wvla'
AM_CPPFLAGS=' -DNDEBUG'
AM_DEFAULT_V='$(AM_DEFAULT_VERBOSITY)'
AM_DEFAULT_VERBOSITY='0'
AM_V='$(V)'
AR='ar'
AUTOCONF='${SHELL} '\''/home/t4m1/Área de Trabalho/libwebp-1.2.1/missing'\'' autoconf'
AUTOHEADER='${SHELL} '\''/home/t4m1/Área de Trabalho/libwebp-1.2.1/missing'\'' autoheader'
AUTOMAKE='${SHELL} '\''/home/t4m1/Área de Trabalho/libwebp-1.2.1/missing'\'' automake-1.16'
AWK='mawk'
BUILD_ANIMDIFF_FALSE=''
BUILD_ANIMDIFF_TRUE='#'
BUILD_DEMUX_FALSE='#'
BUILD_DEMUX_TRUE=''
BUILD_EXTRAS_FALSE=''
BUILD_EXTRAS_TRUE='#'
BUILD_GIF2WEBP_FALSE=''
BUILD_GIF2WEBP_TRUE='#'
BUILD_IMG2WEBP_FALSE='#'
BUILD_IMG2WEBP_TRUE=''
BUILD_LIBWEBPDECODER_FALSE=''
BUILD_LIBWEBPDECODER_TRUE='#'
BUILD_MUX_FALSE='#'
BUILD_MUX_TRUE=''
BUILD_VWEBP_FALSE=''
BUILD_VWEBP_SDL_FALSE=''
BUILD_VWEBP_SDL_TRUE='#'
BUILD_VWEBP_TRUE='#'
BUILD_WEBPINFO_FALSE='#'
BUILD_WEBPINFO_TRUE=''
CC='gcc'
CCDEPMODE='depmode=gcc3'
CFLAGS='-g -O2 -pthread'
CPP='gcc -E'
CPPFLAGS=''
CYGPATH_W='echo'
DEFS='-DHAVE_CONFIG_H'
DEPDIR='.deps'
DLLTOOL='false'
DSYMUTIL=''
DUMPBIN=''
ECHO_C=''
ECHO_N='-n'
ECHO_T=''
EGREP='/usr/bin/grep -E'
EXEEXT=''
FGREP='/usr/bin/grep -F'
GIF_INCLUDES=''
GIF_LIBS=''
GL_INCLUDES=''
GL_LIBS=''
GREP='/usr/bin/grep'
INSTALL_DATA='${INSTALL} -m 644'
INSTALL_PROGRAM='${INSTALL}'
INSTALL_SCRIPT='${INSTALL}'
INSTALL_STRIP_PROGRAM='$(install_sh) -c -s'
JPEG_INCLUDES=''
JPEG_LIBS=''
LD='/usr/bin/ld -m elf_x86_64'
LDFLAGS=''
LIBOBJS=''
LIBPNG_CONFIG=''
LIBS=' '
LIBSDL_CONFIG=''
LIBTOOL='$(SHELL) $(top_builddir)/libtool'
LIPO=''
LN_S='ln -s'
LTLIBOBJS=''
LT_SYS_LIBRARY_PATH=''
MAKEINFO='${SHELL} '\''/home/t4m1/Área de Trabalho/libwebp-1.2.1/missing'\'' makeinfo'
MANIFEST_TOOL=':'
MKDIR_P='/usr/bin/mkdir -p'
NEON_FLAGS=''
NM='/usr/bin/nm -B'
NMEDIT=''
OBJDUMP='objdump'
OBJEXT='o'
OTOOL64=''
OTOOL=''
PACKAGE='libwebp'
PACKAGE_BUGREPORT='https://bugs.chromium.org/p/webp'
PACKAGE_NAME='libwebp'
PACKAGE_STRING='libwebp 1.2.1'
PACKAGE_TARNAME='libwebp'
PACKAGE_URL='http://developers.google.com/speed/webp'
PACKAGE_VERSION='1.2.1'
PATH_SEPARATOR=':'
PNG_INCLUDES=''
PNG_LIBS=''
PTHREAD_CC='gcc'
PTHREAD_CFLAGS='-pthread'
PTHREAD_LIBS=''
RANLIB='ranlib'
SDL_INCLUDES=''
SDL_LIBS=''
SED='/usr/bin/sed'
SET_MAKE=''
SHELL='/bin/bash'
SSE2_FLAGS='  -msse2'
SSE41_FLAGS='  -msse4.1'
STRIP='strip'
TIFF_INCLUDES=''
TIFF_LIBS=''
USE_SWAP_16BIT_CSP=''
VERSION='1.2.1'
ac_ct_AR='ar'
ac_ct_CC='gcc'
ac_ct_DUMPBIN=''
am__EXEEXT_FALSE=''
am__EXEEXT_TRUE='#'
am__fastdepCC_FALSE='#'
am__fastdepCC_TRUE=''
am__include='include'
am__isrc=''
am__leading_dot='.'
am__nodep='_no'
am__quote=''
am__tar='$${TAR-tar} chof - "$$tardir"'
am__untar='$${TAR-tar} xf -'
ax_pthread_config=''
bindir='${exec_prefix}/bin'
build='x86_64-pc-linux-gnu'
build_alias=''
build_cpu='x86_64'
build_os='linux-gnu'
build_vendor='pc'
datadir='${datarootdir}'
datarootdir='${prefix}/share'
docdir='${datarootdir}/doc/${PACKAGE_TARNAME}'
dvidir='${docdir}'
exec_prefix='${prefix}'
host='x86_64-pc-linux-gnu'
host_alias=''
host_cpu='x86_64'
host_os='linux-gnu'
host_vendor='pc'
htmldir='${docdir}'
includedir='${prefix}/include'
infodir='${datarootdir}/info'
install_sh='${SHELL} '\''/home/t4m1/Área de Trabalho/libwebp-1.2.1/install-sh'\'''
libdir='${exec_prefix}/lib'
libexecdir='${exec_prefix}/libexec'
localedir='${datarootdir}/locale'
localstatedir='${prefix}/var'
mandir='${datarootdir}/man'
mkdir_p='$(MKDIR_P)'
oldincludedir='/usr/include'
pdfdir='${docdir}'
pkgconfigdir='${libdir}/pkgconfig'
prefix='/usr/local'
program_transform_name='s,x,x,'
psdir='${docdir}'
runstatedir='${localstatedir}/run'
sbindir='${exec_prefix}/sbin'
sharedstatedir='${prefix}/com'
sysconfdir='${prefix}/etc'
target_alias=''

## ----------- ##
## confdefs.h. ##
## ----------- ##

/* confdefs.h */
#define PACKAGE_NAME "libwebp"
#define PACKAGE_TARNAME "libwebp"
#define PACKAGE_VERSION "1.2.1"
#define PACKAGE_STRING "libwebp 1.2.1"
#define PACKAGE_BUGREPORT "https://bugs.chromium.org/p/webp"
#define PACKAGE_URL "http://developers.google.com/speed/webp"
#define PACKAGE "libwebp"
#define VERSION "1.2.1"
#define STDC_HEADERS 1
#define HAVE_SYS_TYPES_H 1
#define HAVE_SYS_STAT_H 1
#define HAVE_STDLIB_H 1
#define HAVE_STRING_H 1
#define HAVE_MEMORY_H 1
#define HAVE_STRINGS_H 1
#define HAVE_INTTYPES_H 1
#define HAVE_STDINT_H 1
#define HAVE_UNISTD_H 1
#define HAVE_DLFCN_H 1
#define LT_OBJDIR ".libs/"
#define WEBP_HAVE_SSE41 1
#define WEBP_HAVE_SSE2 1
#define HAVE_BUILTIN_BSWAP16 1
#define HAVE_BUILTIN_BSWAP32 1
#define HAVE_BUILTIN_BSWAP64 1
#define HAVE_PTHREAD_PRIO_INHERIT 1
#define WEBP_USE_THREAD 1
#define WEBP_NEAR_LOSSLESS 1

configure: exit 0
